{"numFailedTestSuites":14,"numFailedTests":0,"numPassedTestSuites":13,"numPassedTests":50,"numPendingTestSuites":0,"numPendingTests":0,"numRuntimeErrorTestSuites":14,"numTodoTests":0,"numTotalTestSuites":27,"numTotalTests":50,"openHandles":[],"snapshot":{"added":0,"didUpdate":false,"failure":false,"filesAdded":0,"filesRemoved":0,"filesRemovedList":[],"filesUnmatched":0,"filesUpdated":0,"matched":0,"total":0,"unchecked":0,"uncheckedKeysByFile":[],"unmatched":0,"updated":0},"startTime":1776194509586,"success":false,"testResults":[{"assertionResults":[{"ancestorTitles":["NetworkService"],"duration":8,"failureDetails":[],"failureMessages":[],"fullName":"NetworkService deve retornar true quando isConnected for verdadeiro","invocations":1,"location":null,"numPassingAsserts":1,"retryReasons":[],"status":"passed","title":"deve retornar true quando isConnected for verdadeiro"},{"ancestorTitles":["NetworkService"],"duration":1,"failureDetails":[],"failureMessages":[],"fullName":"NetworkService deve retornar false quando isConnected for falso ou null","invocations":1,"location":null,"numPassingAsserts":1,"retryReasons":[],"status":"passed","title":"deve retornar false quando isConnected for falso ou null"},{"ancestorTitles":["NetworkService"],"duration":1,"failureDetails":[],"failureMessages":[],"fullName":"NetworkService deve retornar false se houver falha na checagem","invocations":1,"location":null,"numPassingAsserts":1,"retryReasons":[],"status":"passed","title":"deve retornar false se houver falha na checagem"}],"endTime":1776194511355,"message":"","name":"C:\\Users\\jppad\\OneDrive\\Área de Trabalho\\imov\\prospecthome\\__tests__\\unit\\infrastructure\\network\\NetworkService.spec.ts","startTime":1776194510216,"status":"passed","summary":""},{"assertionResults":[{"ancestorTitles":["MockAuthGateway","login"],"duration":8,"failureDetails":[],"failureMessages":[],"fullName":"MockAuthGateway login deve retornar um corretor se as crendencias forem sucesso@teste.com","invocations":1,"location":null,"numPassingAsserts":2,"retryReasons":[],"status":"passed","title":"deve retornar um corretor se as crendencias forem sucesso@teste.com"},{"ancestorTitles":["MockAuthGateway","login"],"duration":11,"failureDetails":[],"failureMessages":[],"fullName":"MockAuthGateway login deve lancar erro (Authentication failed) caso falhe","invocations":1,"location":null,"numPassingAsserts":1,"retryReasons":[],"status":"passed","title":"deve lancar erro (Authentication failed) caso falhe"},{"ancestorTitles":["MockAuthGateway","register"],"duration":0,"failureDetails":[],"failureMessages":[],"fullName":"MockAuthGateway register deve registrar o usuario","invocations":1,"location":null,"numPassingAsserts":2,"retryReasons":[],"status":"passed","title":"deve registrar o usuario"},{"ancestorTitles":["MockAuthGateway","refreshToken"],"duration":0,"failureDetails":[],"failureMessages":[],"fullName":"MockAuthGateway refreshToken deve retornar um novo token","invocations":1,"location":null,"numPassingAsserts":1,"retryReasons":[],"status":"passed","title":"deve retornar um novo token"}],"endTime":1776194511425,"message":"","name":"C:\\Users\\jppad\\OneDrive\\Área de Trabalho\\imov\\prospecthome\\__tests__\\unit\\infrastructure\\mock\\MockAuthGateway.spec.ts","startTime":1776194510249,"status":"passed","summary":""},{"assertionResults":[{"ancestorTitles":["SyncStatus Value Object"],"duration":6,"failureDetails":[],"failureMessages":[],"fullName":"SyncStatus Value Object deve criar o status 'pending' usando a factory method","invocations":1,"location":null,"numPassingAsserts":4,"retryReasons":[],"status":"passed","title":"deve criar o status 'pending' usando a factory method"},{"ancestorTitles":["SyncStatus Value Object"],"duration":0,"failureDetails":[],"failureMessages":[],"fullName":"SyncStatus Value Object deve criar o status 'synced' usando a factory method","invocations":1,"location":null,"numPassingAsserts":2,"retryReasons":[],"status":"passed","title":"deve criar o status 'synced' usando a factory method"},{"ancestorTitles":["SyncStatus Value Object"],"duration":0,"failureDetails":[],"failureMessages":[],"fullName":"SyncStatus Value Object deve criar o status 'error' usando a factory method","invocations":1,"location":null,"numPassingAsserts":2,"retryReasons":[],"status":"passed","title":"deve criar o status 'error' usando a factory method"},{"ancestorTitles":["SyncStatus Value Object"],"duration":0,"failureDetails":[],"failureMessages":[],"fullName":"SyncStatus Value Object deve verificar a igualdade entre instancias (equals)","invocations":1,"location":null,"numPassingAsserts":2,"retryReasons":[],"status":"passed","title":"deve verificar a igualdade entre instancias (equals)"}],"endTime":1776194511430,"message":"","name":"C:\\Users\\jppad\\OneDrive\\Área de Trabalho\\imov\\prospecthome\\__tests__\\unit\\domain\\value-objects\\SyncStatus.spec.ts","startTime":1776194510226,"status":"passed","summary":""},{"assertionResults":[{"ancestorTitles":["PhotoPath Value Object"],"duration":7,"failureDetails":[],"failureMessages":[],"fullName":"PhotoPath Value Object deve criar um PhotoPath a partir de um path valido","invocations":1,"location":null,"numPassingAsserts":1,"retryReasons":[],"status":"passed","title":"deve criar um PhotoPath a partir de um path valido"},{"ancestorTitles":["PhotoPath Value Object"],"duration":10,"failureDetails":[],"failureMessages":[],"fullName":"PhotoPath Value Object deve rejeitar path vazio","invocations":1,"location":null,"numPassingAsserts":2,"retryReasons":[],"status":"passed","title":"deve rejeitar path vazio"},{"ancestorTitles":["PhotoPath Value Object"],"duration":1,"failureDetails":[],"failureMessages":[],"fullName":"PhotoPath Value Object deve rejeitar extensoes nao permitidas","invocations":1,"location":null,"numPassingAsserts":1,"retryReasons":[],"status":"passed","title":"deve rejeitar extensoes nao permitidas"},{"ancestorTitles":["PhotoPath Value Object"],"duration":1,"failureDetails":[],"failureMessages":[],"fullName":"PhotoPath Value Object deve aceitar extensoes .png e .jpg / .jpeg","invocations":1,"location":null,"numPassingAsserts":3,"retryReasons":[],"status":"passed","title":"deve aceitar extensoes .png e .jpg / .jpeg"}],"endTime":1776194511420,"message":"","name":"C:\\Users\\jppad\\OneDrive\\Área de Trabalho\\imov\\prospecthome\\__tests__\\unit\\domain\\value-objects\\PhotoPath.spec.ts","startTime":1776194510172,"status":"passed","summary":""},{"assertionResults":[{"ancestorTitles":["ExpoLocationService"],"duration":7,"failureDetails":[],"failureMessages":[],"fullName":"ExpoLocationService deve retornar Coordinates se as missoes forem concedidas e a loc for coletada","invocations":1,"location":null,"numPassingAsserts":1,"retryReasons":[],"status":"passed","title":"deve retornar Coordinates se as missoes forem concedidas e a loc for coletada"},{"ancestorTitles":["ExpoLocationService"],"duration":7,"failureDetails":[],"failureMessages":[],"fullName":"ExpoLocationService deve lancar erro (Permission to access location was denied) se rejeitado","invocations":1,"location":null,"numPassingAsserts":1,"retryReasons":[],"status":"passed","title":"deve lancar erro (Permission to access location was denied) se rejeitado"}],"endTime":1776194511447,"message":"","name":"C:\\Users\\jppad\\OneDrive\\Área de Trabalho\\imov\\prospecthome\\__tests__\\unit\\infrastructure\\services\\ExpoLocationService.spec.ts","startTime":1776194510237,"status":"passed","summary":""},{"assertionResults":[{"ancestorTitles":["RegisterUseCase"],"duration":9,"failureDetails":[],"failureMessages":[],"fullName":"RegisterUseCase call to action: deve registrar um novo corretor e salvar sessao","invocations":1,"location":null,"numPassingAsserts":4,"retryReasons":[],"status":"passed","title":"call to action: deve registrar um novo corretor e salvar sessao"},{"ancestorTitles":["RegisterUseCase"],"duration":36,"failureDetails":[],"failureMessages":[],"fullName":"RegisterUseCase deve falhar se gateway lancar erro","invocations":1,"location":null,"numPassingAsserts":1,"retryReasons":[],"status":"passed","title":"deve falhar se gateway lancar erro"}],"endTime":1776194511443,"message":"","name":"C:\\Users\\jppad\\OneDrive\\Área de Trabalho\\imov\\prospecthome\\__tests__\\unit\\application\\use-cases\\RegisterUseCase.spec.ts","startTime":1776194510203,"status":"passed","summary":""},{"assertionResults":[{"ancestorTitles":["Address Value Object"],"duration":7,"failureDetails":[],"failureMessages":[],"fullName":"Address Value Object deve criar um endereco valido","invocations":1,"location":null,"numPassingAsserts":2,"retryReasons":[],"status":"passed","title":"deve criar um endereco valido"},{"ancestorTitles":["Address Value Object"],"duration":10,"failureDetails":[],"failureMessages":[],"fullName":"Address Value Object não deve permitir a criacao sem bairro","invocations":1,"location":null,"numPassingAsserts":1,"retryReasons":[],"status":"passed","title":"não deve permitir a criacao sem bairro"},{"ancestorTitles":["Address Value Object"],"duration":1,"failureDetails":[],"failureMessages":[],"fullName":"Address Value Object não deve permitir a criacao sem rua","invocations":1,"location":null,"numPassingAsserts":1,"retryReasons":[],"status":"passed","title":"não deve permitir a criacao sem rua"},{"ancestorTitles":["Address Value Object"],"duration":1,"failureDetails":[],"failureMessages":[],"fullName":"Address Value Object deve rejeitar formatacao invalida de CEP","invocations":1,"location":null,"numPassingAsserts":1,"retryReasons":[],"status":"passed","title":"deve rejeitar formatacao invalida de CEP"},{"ancestorTitles":["Address Value Object"],"duration":1,"failureDetails":[],"failureMessages":[],"fullName":"Address Value Object deve aceitar CEP sem hífen e mascara-lo no getter ou apenas formatar corretamente","invocations":1,"location":null,"numPassingAsserts":1,"retryReasons":[],"status":"passed","title":"deve aceitar CEP sem hífen e mascara-lo no getter ou apenas formatar corretamente"},{"ancestorTitles":["Address Value Object"],"duration":0,"failureDetails":[],"failureMessages":[],"fullName":"Address Value Object deve retornar o endereco formatado (fullAddress)","invocations":1,"location":null,"numPassingAsserts":1,"retryReasons":[],"status":"passed","title":"deve retornar o endereco formatado (fullAddress)"}],"endTime":1776194511467,"message":"","name":"C:\\Users\\jppad\\OneDrive\\Área de Trabalho\\imov\\prospecthome\\__tests__\\unit\\domain\\value-objects\\Address.spec.ts","startTime":1776194510320,"status":"passed","summary":""},{"assertionResults":[{"ancestorTitles":["Corretor Entity"],"duration":11,"failureDetails":[],"failureMessages":[],"fullName":"Corretor Entity deve criar um corretor com os dados obrigatórios","invocations":1,"location":null,"numPassingAsserts":4,"retryReasons":[],"status":"passed","title":"deve criar um corretor com os dados obrigatórios"},{"ancestorTitles":["Corretor Entity"],"duration":0,"failureDetails":[],"failureMessages":[],"fullName":"Corretor Entity deve criar um corretor completo (com nome)","invocations":1,"location":null,"numPassingAsserts":1,"retryReasons":[],"status":"passed","title":"deve criar um corretor completo (com nome)"},{"ancestorTitles":["Corretor Entity"],"duration":0,"failureDetails":[],"failureMessages":[],"fullName":"Corretor Entity deve reconstruir o objeto a partir do banco de dados fielmente","invocations":1,"location":null,"numPassingAsserts":2,"retryReasons":[],"status":"passed","title":"deve reconstruir o objeto a partir do banco de dados fielmente"}],"endTime":1776194511487,"message":"","name":"C:\\Users\\jppad\\OneDrive\\Área de Trabalho\\imov\\prospecthome\\__tests__\\unit\\domain\\entities\\Corretor.spec.ts","startTime":1776194510265,"status":"passed","summary":""},{"assertionResults":[{"ancestorTitles":["ProspectoStatus Value Object"],"duration":8,"failureDetails":[],"failureMessages":[],"fullName":"ProspectoStatus Value Object deve criar usando as factories methods","invocations":1,"location":null,"numPassingAsserts":4,"retryReasons":[],"status":"passed","title":"deve criar usando as factories methods"},{"ancestorTitles":["ProspectoStatus Value Object","verificacao de transicoes de estado validas e invalidas"],"duration":1,"failureDetails":[],"failureMessages":[],"fullName":"ProspectoStatus Value Object verificacao de transicoes de estado validas e invalidas novo pode transicionar apenas para contatado","invocations":1,"location":null,"numPassingAsserts":4,"retryReasons":[],"status":"passed","title":"novo pode transicionar apenas para contatado"},{"ancestorTitles":["ProspectoStatus Value Object","verificacao de transicoes de estado validas e invalidas"],"duration":1,"failureDetails":[],"failureMessages":[],"fullName":"ProspectoStatus Value Object verificacao de transicoes de estado validas e invalidas contatado pode transicionar p/ negociando ou novo","invocations":1,"location":null,"numPassingAsserts":4,"retryReasons":[],"status":"passed","title":"contatado pode transicionar p/ negociando ou novo"},{"ancestorTitles":["ProspectoStatus Value Object","verificacao de transicoes de estado validas e invalidas"],"duration":0,"failureDetails":[],"failureMessages":[],"fullName":"ProspectoStatus Value Object verificacao de transicoes de estado validas e invalidas negociando pode transicionar p/ fechado ou contatado","invocations":1,"location":null,"numPassingAsserts":3,"retryReasons":[],"status":"passed","title":"negociando pode transicionar p/ fechado ou contatado"},{"ancestorTitles":["ProspectoStatus Value Object","verificacao de transicoes de estado validas e invalidas"],"duration":1,"failureDetails":[],"failureMessages":[],"fullName":"ProspectoStatus Value Object verificacao de transicoes de estado validas e invalidas fechado eh estado final sem saida","invocations":1,"location":null,"numPassingAsserts":3,"retryReasons":[],"status":"passed","title":"fechado eh estado final sem saida"},{"ancestorTitles":["ProspectoStatus Value Object"],"duration":0,"failureDetails":[],"failureMessages":[],"fullName":"ProspectoStatus Value Object deve verificar igualdade","invocations":1,"location":null,"numPassingAsserts":2,"retryReasons":[],"status":"passed","title":"deve verificar igualdade"}],"endTime":1776194511482,"message":"","name":"C:\\Users\\jppad\\OneDrive\\Área de Trabalho\\imov\\prospecthome\\__tests__\\unit\\domain\\value-objects\\ProspectoStatus.spec.ts","startTime":1776194510244,"status":"passed","summary":""},{"assertionResults":[{"ancestorTitles":["ExpoPhotoService","capturePhoto"],"duration":9,"failureDetails":[],"failureMessages":[],"fullName":"ExpoPhotoService capturePhoto deve solicitar permissao e retornar URI da foto capturada","invocations":1,"location":null,"numPassingAsserts":2,"retryReasons":[],"status":"passed","title":"deve solicitar permissao e retornar URI da foto capturada"},{"ancestorTitles":["ExpoPhotoService","capturePhoto"],"duration":10,"failureDetails":[],"failureMessages":[],"fullName":"ExpoPhotoService capturePhoto deve lancar erro se nao tiver permissao","invocations":1,"location":null,"numPassingAsserts":1,"retryReasons":[],"status":"passed","title":"deve lancar erro se nao tiver permissao"},{"ancestorTitles":["ExpoPhotoService","capturePhoto"],"duration":0,"failureDetails":[],"failureMessages":[],"fullName":"ExpoPhotoService capturePhoto deve retornar nulo se o usuario cancelar a foto","invocations":1,"location":null,"numPassingAsserts":1,"retryReasons":[],"status":"passed","title":"deve retornar nulo se o usuario cancelar a foto"},{"ancestorTitles":["ExpoPhotoService","compressPhoto"],"duration":1,"failureDetails":[],"failureMessages":[],"fullName":"ExpoPhotoService compressPhoto deve comprimir e retornar a uri da nova foto","invocations":1,"location":null,"numPassingAsserts":2,"retryReasons":[],"status":"passed","title":"deve comprimir e retornar a uri da nova foto"}],"endTime":1776194511499,"message":"","name":"C:\\Users\\jppad\\OneDrive\\Área de Trabalho\\imov\\prospecthome\\__tests__\\unit\\infrastructure\\services\\ExpoPhotoService.spec.ts","startTime":1776194510191,"status":"passed","summary":""},{"assertionResults":[{"ancestorTitles":["FileSystemPhotoStorage"],"duration":9,"failureDetails":[],"failureMessages":[],"fullName":"FileSystemPhotoStorage deve carregar a photo uri corretamente se o arquivo existir","invocations":1,"location":null,"numPassingAsserts":2,"retryReasons":[],"status":"passed","title":"deve carregar a photo uri corretamente se o arquivo existir"},{"ancestorTitles":["FileSystemPhotoStorage"],"duration":0,"failureDetails":[],"failureMessages":[],"fullName":"FileSystemPhotoStorage deve retornar null se o arquivo da foto não existir","invocations":1,"location":null,"numPassingAsserts":1,"retryReasons":[],"status":"passed","title":"deve retornar null se o arquivo da foto não existir"},{"ancestorTitles":["FileSystemPhotoStorage"],"duration":31,"failureDetails":[],"failureMessages":[],"fullName":"FileSystemPhotoStorage deve salvar a foto e retornar o PhotoPath comente do nome do arquivo","invocations":1,"location":null,"numPassingAsserts":2,"retryReasons":[],"status":"passed","title":"deve salvar a foto e retornar o PhotoPath comente do nome do arquivo"},{"ancestorTitles":["FileSystemPhotoStorage"],"duration":1,"failureDetails":[],"failureMessages":[],"fullName":"FileSystemPhotoStorage deve deletar a foto do sistema de arquivos","invocations":1,"location":null,"numPassingAsserts":1,"retryReasons":[],"status":"passed","title":"deve deletar a foto do sistema de arquivos"}],"endTime":1776194511530,"message":"","name":"C:\\Users\\jppad\\OneDrive\\Área de Trabalho\\imov\\prospecthome\\__tests__\\unit\\infrastructure\\storage\\FileSystemPhotoStorage.spec.ts","startTime":1776194510170,"status":"passed","summary":""},{"assertionResults":[],"coverage":{},"endTime":1776194513336,"message":"  ● Test suite failed to run\n\n    Jest encountered an unexpected token\n\n    Jest failed to parse a file. This happens e.g. when your code or its dependencies use non-standard JavaScript syntax, or when Jest is not configured to support such syntax.\n\n    Out of the box Jest supports Babel, which will be used to transform your files into valid JS based on your Babel configuration.\n\n    By default \"node_modules\" folder is ignored by transformers.\n\n    Here's what you can do:\n     • If you are trying to use ECMAScript Modules, see https://jestjs.io/docs/ecmascript-modules for how to enable it.\n     • If you are trying to use TypeScript, see https://jestjs.io/docs/getting-started#using-typescript\n     • To have some of your \"node_modules\" files transformed, you can specify a custom \"transformIgnorePatterns\" in your config.\n     • If you need a custom transformation specify a \"transform\" option in your config.\n     • If you simply want to mock your non-JS modules (e.g. binary assets) you can stub them out with the \"moduleNameMapper\" config option.\n\n    You'll find more details and examples of these config options in the docs:\n    https://jestjs.io/docs/configuration\n    For information about custom transformations, see:\n    https://jestjs.io/docs/code-transformation\n\n    Details:\n\n    SyntaxError: C:\\Users\\jppad\\OneDrive\\Área de Trabalho\\imov\\prospecthome\\__tests__\\unit\\domain\\entities\\Prospecto.spec.ts: Unterminated regular expression. (58:5)\n\n    \u001b[0m \u001b[90m 56 |\u001b[39m     })\u001b[33m;\u001b[39m\n     \u001b[90m 57 |\u001b[39m\n    \u001b[31m\u001b[1m>\u001b[22m\u001b[39m\u001b[90m 58 |\u001b[39m     \u001b[33m/\u001b[39m fechado \u001b[33m-\u001b[39m\u001b[33m>\u001b[39m contatado é inválido segundo a regra\n     \u001b[90m    |\u001b[39m      \u001b[31m\u001b[1m^\u001b[22m\u001b[39m\n     \u001b[90m 59 |\u001b[39m     expect(() \u001b[33m=>\u001b[39m p\u001b[33m.\u001b[39mmarkAsContacted())\u001b[33m.\u001b[39mtoThrow(\u001b[32m\"Transição de status inválida.\"\u001b[39m)\u001b[33m;\u001b[39m\n     \u001b[90m 60 |\u001b[39m   })\u001b[33m;\u001b[39m\n     \u001b[90m 61 |\u001b[39m\u001b[0m\n\n      at constructor (node_modules/@babel/parser/src/parse-error.ts:95:45)\n      at TypeScriptParserMixin.toParseError [as raise] (node_modules/@babel/parser/src/tokenizer/index.ts:1504:19)\n      at TypeScriptParserMixin.raise [as readRegexp] (node_modules/@babel/parser/src/tokenizer/index.ts:1089:20)\n      at TypeScriptParserMixin.readRegexp [as parseExprAtom] (node_modules/@babel/parser/src/parser/expression.ts:1147:14)\n      at TypeScriptParserMixin.parseExprAtom [as parseExprSubscripts] (node_modules/@babel/parser/src/parser/expression.ts:742:23)\n      at TypeScriptParserMixin.parseExprSubscripts [as parseUpdate] (node_modules/@babel/parser/src/parser/expression.ts:721:21)\n      at TypeScriptParserMixin.parseUpdate (node_modules/@babel/parser/src/parser/expression.ts:683:23)\n      at TypeScriptParserMixin.parseMaybeUnary (node_modules/@babel/parser/src/plugins/typescript/index.ts:3893:20)\n      at TypeScriptParserMixin.parseMaybeUnary [as parseMaybeUnaryOrPrivate] (node_modules/@babel/parser/src/parser/expression.ts:417:14)\n      at TypeScriptParserMixin.parseMaybeUnaryOrPrivate [as parseExprOps] (node_modules/@babel/parser/src/parser/expression.ts:429:23)\n      at TypeScriptParserMixin.parseExprOps [as parseMaybeConditional] (node_modules/@babel/parser/src/parser/expression.ts:384:23)\n      at TypeScriptParserMixin.parseMaybeConditional (node_modules/@babel/parser/src/parser/expression.ts:301:21)\n      at TypeScriptParserMixin.parseMaybeAssign (node_modules/@babel/parser/src/plugins/typescript/index.ts:3764:22)\n      at TypeScriptParserMixin.parseMaybeAssign [as parseExpressionBase] (node_modules/@babel/parser/src/parser/expression.ts:226:23)\n      at parseExpressionBase (node_modules/@babel/parser/src/parser/expression.ts:217:39)\n      at TypeScriptParserMixin.callback [as allowInAnd] (node_modules/@babel/parser/src/parser/expression.ts:3192:16)\n      at TypeScriptParserMixin.allowInAnd [as parseExpression] (node_modules/@babel/parser/src/parser/expression.ts:217:17)\n      at TypeScriptParserMixin.parseExpression (node_modules/@babel/parser/src/parser/statement.ts:688:23)\n      at TypeScriptParserMixin.parseStatementContent (node_modules/@babel/parser/src/plugins/typescript/index.ts:3220:20)\n      at TypeScriptParserMixin.parseStatementContent [as parseStatementLike] (node_modules/@babel/parser/src/parser/statement.ts:482:17)\n      at TypeScriptParserMixin.parseStatementLike [as parseStatementListItem] (node_modules/@babel/parser/src/parser/statement.ts:431:17)\n      at TypeScriptParserMixin.parseStatementListItem [as parseBlockOrModuleBlockBody] (node_modules/@babel/parser/src/parser/statement.ts:1444:16)\n      at TypeScriptParserMixin.parseBlockOrModuleBlockBody [as parseBlockBody] (node_modules/@babel/parser/src/parser/statement.ts:1417:10)\n      at TypeScriptParserMixin.parseBlockBody [as parseBlock] (node_modules/@babel/parser/src/parser/statement.ts:1385:10)\n      at TypeScriptParserMixin.parseBlock [as parseFunctionBody] (node_modules/@babel/parser/src/parser/expression.ts:2621:24)\n      at TypeScriptParserMixin.parseFunctionBody [as parseArrowExpression] (node_modules/@babel/parser/src/parser/expression.ts:2562:10)\n      at TypeScriptParserMixin.parseArrowExpression [as parseParenAndDistinguishExpression] (node_modules/@babel/parser/src/parser/expression.ts:1850:12)\n      at TypeScriptParserMixin.parseParenAndDistinguishExpression [as parseExprAtom] (node_modules/@babel/parser/src/parser/expression.ts:1170:21)\n      at TypeScriptParserMixin.parseExprAtom [as parseExprSubscripts] (node_modules/@babel/parser/src/parser/expression.ts:742:23)\n      at TypeScriptParserMixin.parseExprSubscripts [as parseUpdate] (node_modules/@babel/parser/src/parser/expression.ts:721:21)\n      at TypeScriptParserMixin.parseUpdate (node_modules/@babel/parser/src/parser/expression.ts:683:23)\n      at TypeScriptParserMixin.parseMaybeUnary (node_modules/@babel/parser/src/plugins/typescript/index.ts:3893:20)\n      at TypeScriptParserMixin.parseMaybeUnary [as parseMaybeUnaryOrPrivate] (node_modules/@babel/parser/src/parser/expression.ts:417:14)\n      at TypeScriptParserMixin.parseMaybeUnaryOrPrivate [as parseExprOps] (node_modules/@babel/parser/src/parser/expression.ts:429:23)\n      at TypeScriptParserMixin.parseExprOps [as parseMaybeConditional] (node_modules/@babel/parser/src/parser/expression.ts:384:23)\n      at TypeScriptParserMixin.parseMaybeConditional (node_modules/@babel/parser/src/parser/expression.ts:301:21)\n      at TypeScriptParserMixin.parseMaybeAssign (node_modules/@babel/parser/src/plugins/typescript/index.ts:3764:22)\n      at parseMaybeAssign (node_modules/@babel/parser/src/parser/expression.ts:257:12)\n      at TypeScriptParserMixin.callback [as allowInAnd] (node_modules/@babel/parser/src/parser/expression.ts:3197:12)\n      at TypeScriptParserMixin.allowInAnd [as parseMaybeAssignAllowIn] (node_modules/@babel/parser/src/parser/expression.ts:256:17)\n      at TypeScriptParserMixin.parseMaybeAssignAllowIn [as parseMaybeAssignAllowInOrVoidPattern] (node_modules/@babel/parser/src/parser/expression.ts:3311:17)\n      at TypeScriptParserMixin.parseMaybeAssignAllowInOrVoidPattern [as parseExprListItem] (node_modules/@babel/parser/src/parser/expression.ts:2793:18)\n      at TypeScriptParserMixin.parseExprListItem [as parseCallExpressionArguments] (node_modules/@babel/parser/src/parser/expression.ts:1042:14)\n      at TypeScriptParserMixin.parseCallExpressionArguments [as parseCoverCallAndAsyncArrowHead] (node_modules/@babel/parser/src/parser/expression.ts:922:29)\n      at TypeScriptParserMixin.parseCoverCallAndAsyncArrowHead (node_modules/@babel/parser/src/parser/expression.ts:804:19)\n      at TypeScriptParserMixin.parseSubscript (node_modules/@babel/parser/src/plugins/typescript/index.ts:2809:20)\n      at TypeScriptParserMixin.parseSubscript [as parseSubscripts] (node_modules/@babel/parser/src/parser/expression.ts:763:19)\n      at TypeScriptParserMixin.parseSubscripts [as parseExprSubscripts] (node_modules/@babel/parser/src/parser/expression.ts:748:17)\n      at TypeScriptParserMixin.parseExprSubscripts [as parseUpdate] (node_modules/@babel/parser/src/parser/expression.ts:721:21)\n      at TypeScriptParserMixin.parseUpdate (node_modules/@babel/parser/src/parser/expression.ts:683:23)\n      at TypeScriptParserMixin.parseMaybeUnary (node_modules/@babel/parser/src/plugins/typescript/index.ts:3893:20)\n      at TypeScriptParserMixin.parseMaybeUnary [as parseMaybeUnaryOrPrivate] (node_modules/@babel/parser/src/parser/expression.ts:417:14)\n      at TypeScriptParserMixin.parseMaybeUnaryOrPrivate [as parseExprOps] (node_modules/@babel/parser/src/parser/expression.ts:429:23)\n      at TypeScriptParserMixin.parseExprOps [as parseMaybeConditional] (node_modules/@babel/parser/src/parser/expression.ts:384:23)\n      at TypeScriptParserMixin.parseMaybeConditional (node_modules/@babel/parser/src/parser/expression.ts:301:21)\n      at TypeScriptParserMixin.parseMaybeAssign (node_modules/@babel/parser/src/plugins/typescript/index.ts:3764:22)\n      at TypeScriptParserMixin.parseMaybeAssign [as parseExpressionBase] (node_modules/@babel/parser/src/parser/expression.ts:226:23)\n      at parseExpressionBase (node_modules/@babel/parser/src/parser/expression.ts:217:39)\n      at TypeScriptParserMixin.callback [as allowInAnd] (node_modules/@babel/parser/src/parser/expression.ts:3192:16)\n      at TypeScriptParserMixin.allowInAnd [as parseExpression] (node_modules/@babel/parser/src/parser/expression.ts:217:17)\n      at TypeScriptParserMixin.parseExpression (node_modules/@babel/parser/src/parser/statement.ts:688:23)\n      at TypeScriptParserMixin.parseStatementContent (node_modules/@babel/parser/src/plugins/typescript/index.ts:3220:20)\n      at TypeScriptParserMixin.parseStatementContent [as parseStatementLike] (node_modules/@babel/parser/src/parser/statement.ts:482:17)\n      at TypeScriptParserMixin.parseStatementLike [as parseStatementListItem] (node_modules/@babel/parser/src/parser/statement.ts:431:17)\n      at TypeScriptParserMixin.parseStatementListItem [as parseBlockOrModuleBlockBody] (node_modules/@babel/parser/src/parser/statement.ts:1444:16)\n      at TypeScriptParserMixin.parseBlockOrModuleBlockBody [as parseBlockBody] (node_modules/@babel/parser/src/parser/statement.ts:1417:10)\n      at TypeScriptParserMixin.parseBlockBody [as parseBlock] (node_modules/@babel/parser/src/parser/statement.ts:1385:10)\n      at TypeScriptParserMixin.parseBlock [as parseFunctionBody] (node_modules/@babel/parser/src/parser/expression.ts:2621:24)\n      at TypeScriptParserMixin.parseFunctionBody [as parseArrowExpression] (node_modules/@babel/parser/src/parser/expression.ts:2562:10)\n      at TypeScriptParserMixin.parseArrowExpression [as parseParenAndDistinguishExpression] (node_modules/@babel/parser/src/parser/expression.ts:1850:12)\n      at TypeScriptParserMixin.parseParenAndDistinguishExpression [as parseExprAtom] (node_modules/@babel/parser/src/parser/expression.ts:1170:21)\n      at TypeScriptParserMixin.parseExprAtom [as parseExprSubscripts] (node_modules/@babel/parser/src/parser/expression.ts:742:23)\n      at TypeScriptParserMixin.parseExprSubscripts [as parseUpdate] (node_modules/@babel/parser/src/parser/expression.ts:721:21)\n      at TypeScriptParserMixin.parseUpdate (node_modules/@babel/parser/src/parser/expression.ts:683:23)\n      at TypeScriptParserMixin.parseMaybeUnary (node_modules/@babel/parser/src/plugins/typescript/index.ts:3893:20)\n      at TypeScriptParserMixin.parseMaybeUnary [as parseMaybeUnaryOrPrivate] (node_modules/@babel/parser/src/parser/expression.ts:417:14)\n      at TypeScriptParserMixin.parseMaybeUnaryOrPrivate [as parseExprOps] (node_modules/@babel/parser/src/parser/expression.ts:429:23)\n      at TypeScriptParserMixin.parseExprOps [as parseMaybeConditional] (node_modules/@babel/parser/src/parser/expression.ts:384:23)\n      at TypeScriptParserMixin.parseMaybeConditional (node_modules/@babel/parser/src/parser/expression.ts:301:21)\n      at TypeScriptParserMixin.parseMaybeAssign (node_modules/@babel/parser/src/plugins/typescript/index.ts:3764:22)\n      at parseMaybeAssign (node_modules/@babel/parser/src/parser/expression.ts:257:12)\n      at TypeScriptParserMixin.callback [as allowInAnd] (node_modules/@babel/parser/src/parser/expression.ts:3197:12)\n      at TypeScriptParserMixin.allowInAnd [as parseMaybeAssignAllowIn] (node_modules/@babel/parser/src/parser/expression.ts:256:17)\n      at TypeScriptParserMixin.parseMaybeAssignAllowIn [as parseMaybeAssignAllowInOrVoidPattern] (node_modules/@babel/parser/src/parser/expression.ts:3311:17)\n      at TypeScriptParserMixin.parseMaybeAssignAllowInOrVoidPattern [as parseExprListItem] (node_modules/@babel/parser/src/parser/expression.ts:2793:18)\n      at TypeScriptParserMixin.parseExprListItem [as parseCallExpressionArguments] (node_modules/@babel/parser/src/parser/expression.ts:1042:14)\n      at TypeScriptParserMixin.parseCallExpressionArguments [as parseCoverCallAndAsyncArrowHead] (node_modules/@babel/parser/src/parser/expression.ts:922:29)\n      at TypeScriptParserMixin.parseCoverCallAndAsyncArrowHead (node_modules/@babel/parser/src/parser/expression.ts:804:19)\n      at TypeScriptParserMixin.parseSubscript (node_modules/@babel/parser/src/plugins/typescript/index.ts:2809:20)\n      at TypeScriptParserMixin.parseSubscript [as parseSubscripts] (node_modules/@babel/parser/src/parser/expression.ts:763:19)\n      at TypeScriptParserMixin.parseSubscripts [as parseExprSubscripts] (node_modules/@babel/parser/src/parser/expression.ts:748:17)\n      at TypeScriptParserMixin.parseExprSubscripts [as parseUpdate] (node_modules/@babel/parser/src/parser/expression.ts:721:21)\n      at TypeScriptParserMixin.parseUpdate (node_modules/@babel/parser/src/parser/expression.ts:683:23)\n      at TypeScriptParserMixin.parseMaybeUnary (node_modules/@babel/parser/src/plugins/typescript/index.ts:3893:20)\n      at TypeScriptParserMixin.parseMaybeUnary [as parseMaybeUnaryOrPrivate] (node_modules/@babel/parser/src/parser/expression.ts:417:14)\n      at TypeScriptParserMixin.parseMaybeUnaryOrPrivate [as parseExprOps] (node_modules/@babel/parser/src/parser/expression.ts:429:23)\n      at TypeScriptParserMixin.parseExprOps [as parseMaybeConditional] (node_modules/@babel/parser/src/parser/expression.ts:384:23)\n      at TypeScriptParserMixin.parseMaybeConditional (node_modules/@babel/parser/src/parser/expression.ts:301:21)\n      at TypeScriptParserMixin.parseMaybeAssign (node_modules/@babel/parser/src/plugins/typescript/index.ts:3764:22)\n      at TypeScriptParserMixin.parseMaybeAssign [as parseExpressionBase] (node_modules/@babel/parser/src/parser/expression.ts:226:23)\n","name":"C:\\Users\\jppad\\OneDrive\\Área de Trabalho\\imov\\prospecthome\\__tests__\\unit\\domain\\entities\\Prospecto.spec.ts","startTime":1776194513336,"status":"failed","summary":""},{"assertionResults":[],"coverage":{},"endTime":1776194513336,"message":"  ● Test suite failed to run\n\n    Jest encountered an unexpected token\n\n    Jest failed to parse a file. This happens e.g. when your code or its dependencies use non-standard JavaScript syntax, or when Jest is not configured to support such syntax.\n\n    Out of the box Jest supports Babel, which will be used to transform your files into valid JS based on your Babel configuration.\n\n    By default \"node_modules\" folder is ignored by transformers.\n\n    Here's what you can do:\n     • If you are trying to use ECMAScript Modules, see https://jestjs.io/docs/ecmascript-modules for how to enable it.\n     • If you are trying to use TypeScript, see https://jestjs.io/docs/getting-started#using-typescript\n     • To have some of your \"node_modules\" files transformed, you can specify a custom \"transformIgnorePatterns\" in your config.\n     • If you need a custom transformation specify a \"transform\" option in your config.\n     • If you simply want to mock your non-JS modules (e.g. binary assets) you can stub them out with the \"moduleNameMapper\" config option.\n\n    You'll find more details and examples of these config options in the docs:\n    https://jestjs.io/docs/configuration\n    For information about custom transformations, see:\n    https://jestjs.io/docs/code-transformation\n\n    Details:\n\n    SyntaxError: C:\\Users\\jppad\\OneDrive\\Área de Trabalho\\imov\\prospecthome\\__tests__\\unit\\domain\\value-objects\\Coordinates.spec.ts: Unterminated regular expression. (5:57)\n\n    \u001b[0m \u001b[90m 3 |\u001b[39m describe(\u001b[32m\"Coordinates Value Object\"\u001b[39m\u001b[33m,\u001b[39m () \u001b[33m=>\u001b[39m {\n     \u001b[90m 4 |\u001b[39m   it(\u001b[32m\"deve criar uma coordenada quando os valores sao validos\"\u001b[39m\u001b[33m,\u001b[39m () \u001b[33m=>\u001b[39m {\n    \u001b[31m\u001b[1m>\u001b[22m\u001b[39m\u001b[90m 5 |\u001b[39m     \u001b[36mconst\u001b[39m coords \u001b[33m=\u001b[39m \u001b[36mnew\u001b[39m \u001b[33mCoordinates\u001b[39m(\u001b[33m-\u001b[39m\u001b[35m23.5505\u001b[39m\u001b[33m,\u001b[39m \u001b[33m-\u001b[39m\u001b[35m46.6333\u001b[39m)\u001b[33m;\u001b[39m \u001b[33m/\u001b[39m \u001b[33mSao\u001b[39m \u001b[33mPaulo\u001b[39m\n     \u001b[90m   |\u001b[39m                                                          \u001b[31m\u001b[1m^\u001b[22m\u001b[39m\n     \u001b[90m 6 |\u001b[39m     expect(coords\u001b[33m.\u001b[39mlatitude)\u001b[33m.\u001b[39mtoBe(\u001b[33m-\u001b[39m\u001b[35m23.5505\u001b[39m)\u001b[33m;\u001b[39m\n     \u001b[90m 7 |\u001b[39m     expect(coords\u001b[33m.\u001b[39mlongitude)\u001b[33m.\u001b[39mtoBe(\u001b[33m-\u001b[39m\u001b[35m46.6333\u001b[39m)\u001b[33m;\u001b[39m\n     \u001b[90m 8 |\u001b[39m   })\u001b[33m;\u001b[39m\u001b[0m\n\n      at constructor (node_modules/@babel/parser/src/parse-error.ts:95:45)\n      at TypeScriptParserMixin.toParseError [as raise] (node_modules/@babel/parser/src/tokenizer/index.ts:1504:19)\n      at TypeScriptParserMixin.raise [as readRegexp] (node_modules/@babel/parser/src/tokenizer/index.ts:1089:20)\n      at TypeScriptParserMixin.readRegexp [as parseExprAtom] (node_modules/@babel/parser/src/parser/expression.ts:1147:14)\n      at TypeScriptParserMixin.parseExprAtom [as parseExprSubscripts] (node_modules/@babel/parser/src/parser/expression.ts:742:23)\n      at TypeScriptParserMixin.parseExprSubscripts [as parseUpdate] (node_modules/@babel/parser/src/parser/expression.ts:721:21)\n      at TypeScriptParserMixin.parseUpdate (node_modules/@babel/parser/src/parser/expression.ts:683:23)\n      at TypeScriptParserMixin.parseMaybeUnary (node_modules/@babel/parser/src/plugins/typescript/index.ts:3893:20)\n      at TypeScriptParserMixin.parseMaybeUnary [as parseMaybeUnaryOrPrivate] (node_modules/@babel/parser/src/parser/expression.ts:417:14)\n      at TypeScriptParserMixin.parseMaybeUnaryOrPrivate [as parseExprOps] (node_modules/@babel/parser/src/parser/expression.ts:429:23)\n      at TypeScriptParserMixin.parseExprOps [as parseMaybeConditional] (node_modules/@babel/parser/src/parser/expression.ts:384:23)\n      at TypeScriptParserMixin.parseMaybeConditional (node_modules/@babel/parser/src/parser/expression.ts:301:21)\n      at TypeScriptParserMixin.parseMaybeAssign (node_modules/@babel/parser/src/plugins/typescript/index.ts:3764:22)\n      at TypeScriptParserMixin.parseMaybeAssign [as parseExpressionBase] (node_modules/@babel/parser/src/parser/expression.ts:226:23)\n      at parseExpressionBase (node_modules/@babel/parser/src/parser/expression.ts:217:39)\n      at TypeScriptParserMixin.callback [as allowInAnd] (node_modules/@babel/parser/src/parser/expression.ts:3192:16)\n      at TypeScriptParserMixin.allowInAnd [as parseExpression] (node_modules/@babel/parser/src/parser/expression.ts:217:17)\n      at TypeScriptParserMixin.parseExpression (node_modules/@babel/parser/src/parser/statement.ts:688:23)\n      at TypeScriptParserMixin.parseStatementContent (node_modules/@babel/parser/src/plugins/typescript/index.ts:3220:20)\n      at TypeScriptParserMixin.parseStatementContent [as parseStatementLike] (node_modules/@babel/parser/src/parser/statement.ts:482:17)\n      at TypeScriptParserMixin.parseStatementLike [as parseStatementListItem] (node_modules/@babel/parser/src/parser/statement.ts:431:17)\n      at TypeScriptParserMixin.parseStatementListItem [as parseBlockOrModuleBlockBody] (node_modules/@babel/parser/src/parser/statement.ts:1444:16)\n      at TypeScriptParserMixin.parseBlockOrModuleBlockBody [as parseBlockBody] (node_modules/@babel/parser/src/parser/statement.ts:1417:10)\n      at TypeScriptParserMixin.parseBlockBody [as parseBlock] (node_modules/@babel/parser/src/parser/statement.ts:1385:10)\n      at TypeScriptParserMixin.parseBlock [as parseFunctionBody] (node_modules/@babel/parser/src/parser/expression.ts:2621:24)\n      at TypeScriptParserMixin.parseFunctionBody [as parseArrowExpression] (node_modules/@babel/parser/src/parser/expression.ts:2562:10)\n      at TypeScriptParserMixin.parseArrowExpression [as parseParenAndDistinguishExpression] (node_modules/@babel/parser/src/parser/expression.ts:1850:12)\n      at TypeScriptParserMixin.parseParenAndDistinguishExpression [as parseExprAtom] (node_modules/@babel/parser/src/parser/expression.ts:1170:21)\n      at TypeScriptParserMixin.parseExprAtom [as parseExprSubscripts] (node_modules/@babel/parser/src/parser/expression.ts:742:23)\n      at TypeScriptParserMixin.parseExprSubscripts [as parseUpdate] (node_modules/@babel/parser/src/parser/expression.ts:721:21)\n      at TypeScriptParserMixin.parseUpdate (node_modules/@babel/parser/src/parser/expression.ts:683:23)\n      at TypeScriptParserMixin.parseMaybeUnary (node_modules/@babel/parser/src/plugins/typescript/index.ts:3893:20)\n      at TypeScriptParserMixin.parseMaybeUnary [as parseMaybeUnaryOrPrivate] (node_modules/@babel/parser/src/parser/expression.ts:417:14)\n      at TypeScriptParserMixin.parseMaybeUnaryOrPrivate [as parseExprOps] (node_modules/@babel/parser/src/parser/expression.ts:429:23)\n      at TypeScriptParserMixin.parseExprOps [as parseMaybeConditional] (node_modules/@babel/parser/src/parser/expression.ts:384:23)\n      at TypeScriptParserMixin.parseMaybeConditional (node_modules/@babel/parser/src/parser/expression.ts:301:21)\n      at TypeScriptParserMixin.parseMaybeAssign (node_modules/@babel/parser/src/plugins/typescript/index.ts:3764:22)\n      at parseMaybeAssign (node_modules/@babel/parser/src/parser/expression.ts:257:12)\n      at TypeScriptParserMixin.callback [as allowInAnd] (node_modules/@babel/parser/src/parser/expression.ts:3197:12)\n      at TypeScriptParserMixin.allowInAnd [as parseMaybeAssignAllowIn] (node_modules/@babel/parser/src/parser/expression.ts:256:17)\n      at TypeScriptParserMixin.parseMaybeAssignAllowIn [as parseMaybeAssignAllowInOrVoidPattern] (node_modules/@babel/parser/src/parser/expression.ts:3311:17)\n      at TypeScriptParserMixin.parseMaybeAssignAllowInOrVoidPattern [as parseExprListItem] (node_modules/@babel/parser/src/parser/expression.ts:2793:18)\n      at TypeScriptParserMixin.parseExprListItem [as parseCallExpressionArguments] (node_modules/@babel/parser/src/parser/expression.ts:1042:14)\n      at TypeScriptParserMixin.parseCallExpressionArguments [as parseCoverCallAndAsyncArrowHead] (node_modules/@babel/parser/src/parser/expression.ts:922:29)\n      at TypeScriptParserMixin.parseCoverCallAndAsyncArrowHead (node_modules/@babel/parser/src/parser/expression.ts:804:19)\n      at TypeScriptParserMixin.parseSubscript (node_modules/@babel/parser/src/plugins/typescript/index.ts:2809:20)\n      at TypeScriptParserMixin.parseSubscript [as parseSubscripts] (node_modules/@babel/parser/src/parser/expression.ts:763:19)\n      at TypeScriptParserMixin.parseSubscripts [as parseExprSubscripts] (node_modules/@babel/parser/src/parser/expression.ts:748:17)\n      at TypeScriptParserMixin.parseExprSubscripts [as parseUpdate] (node_modules/@babel/parser/src/parser/expression.ts:721:21)\n      at TypeScriptParserMixin.parseUpdate (node_modules/@babel/parser/src/parser/expression.ts:683:23)\n      at TypeScriptParserMixin.parseMaybeUnary (node_modules/@babel/parser/src/plugins/typescript/index.ts:3893:20)\n      at TypeScriptParserMixin.parseMaybeUnary [as parseMaybeUnaryOrPrivate] (node_modules/@babel/parser/src/parser/expression.ts:417:14)\n      at TypeScriptParserMixin.parseMaybeUnaryOrPrivate [as parseExprOps] (node_modules/@babel/parser/src/parser/expression.ts:429:23)\n      at TypeScriptParserMixin.parseExprOps [as parseMaybeConditional] (node_modules/@babel/parser/src/parser/expression.ts:384:23)\n      at TypeScriptParserMixin.parseMaybeConditional (node_modules/@babel/parser/src/parser/expression.ts:301:21)\n      at TypeScriptParserMixin.parseMaybeAssign (node_modules/@babel/parser/src/plugins/typescript/index.ts:3764:22)\n      at TypeScriptParserMixin.parseMaybeAssign [as parseExpressionBase] (node_modules/@babel/parser/src/parser/expression.ts:226:23)\n      at parseExpressionBase (node_modules/@babel/parser/src/parser/expression.ts:217:39)\n      at TypeScriptParserMixin.callback [as allowInAnd] (node_modules/@babel/parser/src/parser/expression.ts:3192:16)\n      at TypeScriptParserMixin.allowInAnd [as parseExpression] (node_modules/@babel/parser/src/parser/expression.ts:217:17)\n      at TypeScriptParserMixin.parseExpression (node_modules/@babel/parser/src/parser/statement.ts:688:23)\n      at TypeScriptParserMixin.parseStatementContent (node_modules/@babel/parser/src/plugins/typescript/index.ts:3220:20)\n      at TypeScriptParserMixin.parseStatementContent [as parseStatementLike] (node_modules/@babel/parser/src/parser/statement.ts:482:17)\n      at TypeScriptParserMixin.parseStatementLike [as parseStatementListItem] (node_modules/@babel/parser/src/parser/statement.ts:431:17)\n      at TypeScriptParserMixin.parseStatementListItem [as parseBlockOrModuleBlockBody] (node_modules/@babel/parser/src/parser/statement.ts:1444:16)\n      at TypeScriptParserMixin.parseBlockOrModuleBlockBody [as parseBlockBody] (node_modules/@babel/parser/src/parser/statement.ts:1417:10)\n      at TypeScriptParserMixin.parseBlockBody [as parseBlock] (node_modules/@babel/parser/src/parser/statement.ts:1385:10)\n      at TypeScriptParserMixin.parseBlock [as parseFunctionBody] (node_modules/@babel/parser/src/parser/expression.ts:2621:24)\n      at TypeScriptParserMixin.parseFunctionBody [as parseArrowExpression] (node_modules/@babel/parser/src/parser/expression.ts:2562:10)\n      at TypeScriptParserMixin.parseArrowExpression [as parseParenAndDistinguishExpression] (node_modules/@babel/parser/src/parser/expression.ts:1850:12)\n      at TypeScriptParserMixin.parseParenAndDistinguishExpression [as parseExprAtom] (node_modules/@babel/parser/src/parser/expression.ts:1170:21)\n      at TypeScriptParserMixin.parseExprAtom [as parseExprSubscripts] (node_modules/@babel/parser/src/parser/expression.ts:742:23)\n      at TypeScriptParserMixin.parseExprSubscripts [as parseUpdate] (node_modules/@babel/parser/src/parser/expression.ts:721:21)\n      at TypeScriptParserMixin.parseUpdate (node_modules/@babel/parser/src/parser/expression.ts:683:23)\n      at TypeScriptParserMixin.parseMaybeUnary (node_modules/@babel/parser/src/plugins/typescript/index.ts:3893:20)\n      at TypeScriptParserMixin.parseMaybeUnary [as parseMaybeUnaryOrPrivate] (node_modules/@babel/parser/src/parser/expression.ts:417:14)\n      at TypeScriptParserMixin.parseMaybeUnaryOrPrivate [as parseExprOps] (node_modules/@babel/parser/src/parser/expression.ts:429:23)\n      at TypeScriptParserMixin.parseExprOps [as parseMaybeConditional] (node_modules/@babel/parser/src/parser/expression.ts:384:23)\n      at TypeScriptParserMixin.parseMaybeConditional (node_modules/@babel/parser/src/parser/expression.ts:301:21)\n      at TypeScriptParserMixin.parseMaybeAssign (node_modules/@babel/parser/src/plugins/typescript/index.ts:3764:22)\n      at parseMaybeAssign (node_modules/@babel/parser/src/parser/expression.ts:257:12)\n      at TypeScriptParserMixin.callback [as allowInAnd] (node_modules/@babel/parser/src/parser/expression.ts:3197:12)\n      at TypeScriptParserMixin.allowInAnd [as parseMaybeAssignAllowIn] (node_modules/@babel/parser/src/parser/expression.ts:256:17)\n      at TypeScriptParserMixin.parseMaybeAssignAllowIn [as parseMaybeAssignAllowInOrVoidPattern] (node_modules/@babel/parser/src/parser/expression.ts:3311:17)\n      at TypeScriptParserMixin.parseMaybeAssignAllowInOrVoidPattern [as parseExprListItem] (node_modules/@babel/parser/src/parser/expression.ts:2793:18)\n      at TypeScriptParserMixin.parseExprListItem [as parseCallExpressionArguments] (node_modules/@babel/parser/src/parser/expression.ts:1042:14)\n      at TypeScriptParserMixin.parseCallExpressionArguments [as parseCoverCallAndAsyncArrowHead] (node_modules/@babel/parser/src/parser/expression.ts:922:29)\n      at TypeScriptParserMixin.parseCoverCallAndAsyncArrowHead (node_modules/@babel/parser/src/parser/expression.ts:804:19)\n      at TypeScriptParserMixin.parseSubscript (node_modules/@babel/parser/src/plugins/typescript/index.ts:2809:20)\n      at TypeScriptParserMixin.parseSubscript [as parseSubscripts] (node_modules/@babel/parser/src/parser/expression.ts:763:19)\n      at TypeScriptParserMixin.parseSubscripts [as parseExprSubscripts] (node_modules/@babel/parser/src/parser/expression.ts:748:17)\n      at TypeScriptParserMixin.parseExprSubscripts [as parseUpdate] (node_modules/@babel/parser/src/parser/expression.ts:721:21)\n      at TypeScriptParserMixin.parseUpdate (node_modules/@babel/parser/src/parser/expression.ts:683:23)\n      at TypeScriptParserMixin.parseMaybeUnary (node_modules/@babel/parser/src/plugins/typescript/index.ts:3893:20)\n      at TypeScriptParserMixin.parseMaybeUnary [as parseMaybeUnaryOrPrivate] (node_modules/@babel/parser/src/parser/expression.ts:417:14)\n      at TypeScriptParserMixin.parseMaybeUnaryOrPrivate [as parseExprOps] (node_modules/@babel/parser/src/parser/expression.ts:429:23)\n      at TypeScriptParserMixin.parseExprOps [as parseMaybeConditional] (node_modules/@babel/parser/src/parser/expression.ts:384:23)\n      at TypeScriptParserMixin.parseMaybeConditional (node_modules/@babel/parser/src/parser/expression.ts:301:21)\n      at TypeScriptParserMixin.parseMaybeAssign (node_modules/@babel/parser/src/plugins/typescript/index.ts:3764:22)\n      at TypeScriptParserMixin.parseMaybeAssign [as parseExpressionBase] (node_modules/@babel/parser/src/parser/expression.ts:226:23)\n","name":"C:\\Users\\jppad\\OneDrive\\Área de Trabalho\\imov\\prospecthome\\__tests__\\unit\\domain\\value-objects\\Coordinates.spec.ts","startTime":1776194513336,"status":"failed","summary":""},{"assertionResults":[],"coverage":{},"endTime":1776194513336,"message":"  ● Test suite failed to run\n\n    Jest encountered an unexpected token\n\n    Jest failed to parse a file. This happens e.g. when your code or its dependencies use non-standard JavaScript syntax, or when Jest is not configured to support such syntax.\n\n    Out of the box Jest supports Babel, which will be used to transform your files into valid JS based on your Babel configuration.\n\n    By default \"node_modules\" folder is ignored by transformers.\n\n    Here's what you can do:\n     • If you are trying to use ECMAScript Modules, see https://jestjs.io/docs/ecmascript-modules for how to enable it.\n     • If you are trying to use TypeScript, see https://jestjs.io/docs/getting-started#using-typescript\n     • To have some of your \"node_modules\" files transformed, you can specify a custom \"transformIgnorePatterns\" in your config.\n     • If you need a custom transformation specify a \"transform\" option in your config.\n     • If you simply want to mock your non-JS modules (e.g. binary assets) you can stub them out with the \"moduleNameMapper\" config option.\n\n    You'll find more details and examples of these config options in the docs:\n    https://jestjs.io/docs/configuration\n    For information about custom transformations, see:\n    https://jestjs.io/docs/code-transformation\n\n    Details:\n\n    SyntaxError: C:\\Users\\jppad\\OneDrive\\Área de Trabalho\\imov\\prospecthome\\__tests__\\unit\\infrastructure\\supabase\\SupabaseSyncGateway.spec.ts: Unterminated regular expression. (5:5)\n\n    \u001b[0m \u001b[90m 3 |\u001b[39m describe(\u001b[32m\"SupabaseSyncGateway\"\u001b[39m\u001b[33m,\u001b[39m () \u001b[33m=>\u001b[39m {\n     \u001b[90m 4 |\u001b[39m   it\u001b[33m.\u001b[39mskip(\u001b[32m\"deve ser testado apenas em integracao com bd do supabase real\"\u001b[39m\u001b[33m,\u001b[39m () \u001b[33m=>\u001b[39m {\n    \u001b[31m\u001b[1m>\u001b[22m\u001b[39m\u001b[90m 5 |\u001b[39m     \u001b[33m/\u001b[39m \u001b[33mPlaceholder\u001b[39m para os testes de integração com \u001b[33mSupabase\u001b[39m\n     \u001b[90m   |\u001b[39m      \u001b[31m\u001b[1m^\u001b[22m\u001b[39m\n     \u001b[90m 6 |\u001b[39m   })\u001b[33m;\u001b[39m\n     \u001b[90m 7 |\u001b[39m })\u001b[33m;\u001b[39m\n     \u001b[90m 8 |\u001b[39m\u001b[0m\n\n      at constructor (node_modules/@babel/parser/src/parse-error.ts:95:45)\n      at TypeScriptParserMixin.toParseError [as raise] (node_modules/@babel/parser/src/tokenizer/index.ts:1504:19)\n      at TypeScriptParserMixin.raise [as readRegexp] (node_modules/@babel/parser/src/tokenizer/index.ts:1089:20)\n      at TypeScriptParserMixin.readRegexp [as parseExprAtom] (node_modules/@babel/parser/src/parser/expression.ts:1147:14)\n      at TypeScriptParserMixin.parseExprAtom [as parseExprSubscripts] (node_modules/@babel/parser/src/parser/expression.ts:742:23)\n      at TypeScriptParserMixin.parseExprSubscripts [as parseUpdate] (node_modules/@babel/parser/src/parser/expression.ts:721:21)\n      at TypeScriptParserMixin.parseUpdate (node_modules/@babel/parser/src/parser/expression.ts:683:23)\n      at TypeScriptParserMixin.parseMaybeUnary (node_modules/@babel/parser/src/plugins/typescript/index.ts:3893:20)\n      at TypeScriptParserMixin.parseMaybeUnary [as parseMaybeUnaryOrPrivate] (node_modules/@babel/parser/src/parser/expression.ts:417:14)\n      at TypeScriptParserMixin.parseMaybeUnaryOrPrivate [as parseExprOps] (node_modules/@babel/parser/src/parser/expression.ts:429:23)\n      at TypeScriptParserMixin.parseExprOps [as parseMaybeConditional] (node_modules/@babel/parser/src/parser/expression.ts:384:23)\n      at TypeScriptParserMixin.parseMaybeConditional (node_modules/@babel/parser/src/parser/expression.ts:301:21)\n      at TypeScriptParserMixin.parseMaybeAssign (node_modules/@babel/parser/src/plugins/typescript/index.ts:3764:22)\n      at TypeScriptParserMixin.parseMaybeAssign [as parseExpressionBase] (node_modules/@babel/parser/src/parser/expression.ts:226:23)\n      at parseExpressionBase (node_modules/@babel/parser/src/parser/expression.ts:217:39)\n      at TypeScriptParserMixin.callback [as allowInAnd] (node_modules/@babel/parser/src/parser/expression.ts:3192:16)\n      at TypeScriptParserMixin.allowInAnd [as parseExpression] (node_modules/@babel/parser/src/parser/expression.ts:217:17)\n      at TypeScriptParserMixin.parseExpression (node_modules/@babel/parser/src/parser/statement.ts:688:23)\n      at TypeScriptParserMixin.parseStatementContent (node_modules/@babel/parser/src/plugins/typescript/index.ts:3220:20)\n      at TypeScriptParserMixin.parseStatementContent [as parseStatementLike] (node_modules/@babel/parser/src/parser/statement.ts:482:17)\n      at TypeScriptParserMixin.parseStatementLike [as parseStatementListItem] (node_modules/@babel/parser/src/parser/statement.ts:431:17)\n      at TypeScriptParserMixin.parseStatementListItem [as parseBlockOrModuleBlockBody] (node_modules/@babel/parser/src/parser/statement.ts:1444:16)\n      at TypeScriptParserMixin.parseBlockOrModuleBlockBody [as parseBlockBody] (node_modules/@babel/parser/src/parser/statement.ts:1417:10)\n      at TypeScriptParserMixin.parseBlockBody [as parseBlock] (node_modules/@babel/parser/src/parser/statement.ts:1385:10)\n      at TypeScriptParserMixin.parseBlock [as parseFunctionBody] (node_modules/@babel/parser/src/parser/expression.ts:2621:24)\n      at TypeScriptParserMixin.parseFunctionBody [as parseArrowExpression] (node_modules/@babel/parser/src/parser/expression.ts:2562:10)\n      at TypeScriptParserMixin.parseArrowExpression [as parseParenAndDistinguishExpression] (node_modules/@babel/parser/src/parser/expression.ts:1850:12)\n      at TypeScriptParserMixin.parseParenAndDistinguishExpression [as parseExprAtom] (node_modules/@babel/parser/src/parser/expression.ts:1170:21)\n      at TypeScriptParserMixin.parseExprAtom [as parseExprSubscripts] (node_modules/@babel/parser/src/parser/expression.ts:742:23)\n      at TypeScriptParserMixin.parseExprSubscripts [as parseUpdate] (node_modules/@babel/parser/src/parser/expression.ts:721:21)\n      at TypeScriptParserMixin.parseUpdate (node_modules/@babel/parser/src/parser/expression.ts:683:23)\n      at TypeScriptParserMixin.parseMaybeUnary (node_modules/@babel/parser/src/plugins/typescript/index.ts:3893:20)\n      at TypeScriptParserMixin.parseMaybeUnary [as parseMaybeUnaryOrPrivate] (node_modules/@babel/parser/src/parser/expression.ts:417:14)\n      at TypeScriptParserMixin.parseMaybeUnaryOrPrivate [as parseExprOps] (node_modules/@babel/parser/src/parser/expression.ts:429:23)\n      at TypeScriptParserMixin.parseExprOps [as parseMaybeConditional] (node_modules/@babel/parser/src/parser/expression.ts:384:23)\n      at TypeScriptParserMixin.parseMaybeConditional (node_modules/@babel/parser/src/parser/expression.ts:301:21)\n      at TypeScriptParserMixin.parseMaybeAssign (node_modules/@babel/parser/src/plugins/typescript/index.ts:3764:22)\n      at parseMaybeAssign (node_modules/@babel/parser/src/parser/expression.ts:257:12)\n      at TypeScriptParserMixin.callback [as allowInAnd] (node_modules/@babel/parser/src/parser/expression.ts:3197:12)\n      at TypeScriptParserMixin.allowInAnd [as parseMaybeAssignAllowIn] (node_modules/@babel/parser/src/parser/expression.ts:256:17)\n      at TypeScriptParserMixin.parseMaybeAssignAllowIn [as parseMaybeAssignAllowInOrVoidPattern] (node_modules/@babel/parser/src/parser/expression.ts:3311:17)\n      at TypeScriptParserMixin.parseMaybeAssignAllowInOrVoidPattern [as parseExprListItem] (node_modules/@babel/parser/src/parser/expression.ts:2793:18)\n      at TypeScriptParserMixin.parseExprListItem [as parseCallExpressionArguments] (node_modules/@babel/parser/src/parser/expression.ts:1042:14)\n      at TypeScriptParserMixin.parseCallExpressionArguments [as parseCoverCallAndAsyncArrowHead] (node_modules/@babel/parser/src/parser/expression.ts:922:29)\n      at TypeScriptParserMixin.parseCoverCallAndAsyncArrowHead (node_modules/@babel/parser/src/parser/expression.ts:804:19)\n      at TypeScriptParserMixin.parseSubscript (node_modules/@babel/parser/src/plugins/typescript/index.ts:2809:20)\n      at TypeScriptParserMixin.parseSubscript [as parseSubscripts] (node_modules/@babel/parser/src/parser/expression.ts:763:19)\n      at TypeScriptParserMixin.parseSubscripts [as parseExprSubscripts] (node_modules/@babel/parser/src/parser/expression.ts:748:17)\n      at TypeScriptParserMixin.parseExprSubscripts [as parseUpdate] (node_modules/@babel/parser/src/parser/expression.ts:721:21)\n      at TypeScriptParserMixin.parseUpdate (node_modules/@babel/parser/src/parser/expression.ts:683:23)\n      at TypeScriptParserMixin.parseMaybeUnary (node_modules/@babel/parser/src/plugins/typescript/index.ts:3893:20)\n      at TypeScriptParserMixin.parseMaybeUnary [as parseMaybeUnaryOrPrivate] (node_modules/@babel/parser/src/parser/expression.ts:417:14)\n      at TypeScriptParserMixin.parseMaybeUnaryOrPrivate [as parseExprOps] (node_modules/@babel/parser/src/parser/expression.ts:429:23)\n      at TypeScriptParserMixin.parseExprOps [as parseMaybeConditional] (node_modules/@babel/parser/src/parser/expression.ts:384:23)\n      at TypeScriptParserMixin.parseMaybeConditional (node_modules/@babel/parser/src/parser/expression.ts:301:21)\n      at TypeScriptParserMixin.parseMaybeAssign (node_modules/@babel/parser/src/plugins/typescript/index.ts:3764:22)\n      at TypeScriptParserMixin.parseMaybeAssign [as parseExpressionBase] (node_modules/@babel/parser/src/parser/expression.ts:226:23)\n      at parseExpressionBase (node_modules/@babel/parser/src/parser/expression.ts:217:39)\n      at TypeScriptParserMixin.callback [as allowInAnd] (node_modules/@babel/parser/src/parser/expression.ts:3192:16)\n      at TypeScriptParserMixin.allowInAnd [as parseExpression] (node_modules/@babel/parser/src/parser/expression.ts:217:17)\n      at TypeScriptParserMixin.parseExpression (node_modules/@babel/parser/src/parser/statement.ts:688:23)\n      at TypeScriptParserMixin.parseStatementContent (node_modules/@babel/parser/src/plugins/typescript/index.ts:3220:20)\n      at TypeScriptParserMixin.parseStatementContent [as parseStatementLike] (node_modules/@babel/parser/src/parser/statement.ts:482:17)\n      at TypeScriptParserMixin.parseStatementLike [as parseStatementListItem] (node_modules/@babel/parser/src/parser/statement.ts:431:17)\n      at TypeScriptParserMixin.parseStatementListItem [as parseBlockOrModuleBlockBody] (node_modules/@babel/parser/src/parser/statement.ts:1444:16)\n      at TypeScriptParserMixin.parseBlockOrModuleBlockBody [as parseBlockBody] (node_modules/@babel/parser/src/parser/statement.ts:1417:10)\n      at TypeScriptParserMixin.parseBlockBody [as parseBlock] (node_modules/@babel/parser/src/parser/statement.ts:1385:10)\n      at TypeScriptParserMixin.parseBlock [as parseFunctionBody] (node_modules/@babel/parser/src/parser/expression.ts:2621:24)\n      at TypeScriptParserMixin.parseFunctionBody [as parseArrowExpression] (node_modules/@babel/parser/src/parser/expression.ts:2562:10)\n      at TypeScriptParserMixin.parseArrowExpression [as parseParenAndDistinguishExpression] (node_modules/@babel/parser/src/parser/expression.ts:1850:12)\n      at TypeScriptParserMixin.parseParenAndDistinguishExpression [as parseExprAtom] (node_modules/@babel/parser/src/parser/expression.ts:1170:21)\n      at TypeScriptParserMixin.parseExprAtom [as parseExprSubscripts] (node_modules/@babel/parser/src/parser/expression.ts:742:23)\n      at TypeScriptParserMixin.parseExprSubscripts [as parseUpdate] (node_modules/@babel/parser/src/parser/expression.ts:721:21)\n      at TypeScriptParserMixin.parseUpdate (node_modules/@babel/parser/src/parser/expression.ts:683:23)\n      at TypeScriptParserMixin.parseMaybeUnary (node_modules/@babel/parser/src/plugins/typescript/index.ts:3893:20)\n      at TypeScriptParserMixin.parseMaybeUnary [as parseMaybeUnaryOrPrivate] (node_modules/@babel/parser/src/parser/expression.ts:417:14)\n      at TypeScriptParserMixin.parseMaybeUnaryOrPrivate [as parseExprOps] (node_modules/@babel/parser/src/parser/expression.ts:429:23)\n      at TypeScriptParserMixin.parseExprOps [as parseMaybeConditional] (node_modules/@babel/parser/src/parser/expression.ts:384:23)\n      at TypeScriptParserMixin.parseMaybeConditional (node_modules/@babel/parser/src/parser/expression.ts:301:21)\n      at TypeScriptParserMixin.parseMaybeAssign (node_modules/@babel/parser/src/plugins/typescript/index.ts:3764:22)\n      at parseMaybeAssign (node_modules/@babel/parser/src/parser/expression.ts:257:12)\n      at TypeScriptParserMixin.callback [as allowInAnd] (node_modules/@babel/parser/src/parser/expression.ts:3197:12)\n      at TypeScriptParserMixin.allowInAnd [as parseMaybeAssignAllowIn] (node_modules/@babel/parser/src/parser/expression.ts:256:17)\n      at TypeScriptParserMixin.parseMaybeAssignAllowIn [as parseMaybeAssignAllowInOrVoidPattern] (node_modules/@babel/parser/src/parser/expression.ts:3311:17)\n      at TypeScriptParserMixin.parseMaybeAssignAllowInOrVoidPattern [as parseExprListItem] (node_modules/@babel/parser/src/parser/expression.ts:2793:18)\n      at TypeScriptParserMixin.parseExprListItem [as parseCallExpressionArguments] (node_modules/@babel/parser/src/parser/expression.ts:1042:14)\n      at TypeScriptParserMixin.parseCallExpressionArguments [as parseCoverCallAndAsyncArrowHead] (node_modules/@babel/parser/src/parser/expression.ts:922:29)\n      at TypeScriptParserMixin.parseCoverCallAndAsyncArrowHead (node_modules/@babel/parser/src/parser/expression.ts:804:19)\n      at TypeScriptParserMixin.parseSubscript (node_modules/@babel/parser/src/plugins/typescript/index.ts:2809:20)\n      at TypeScriptParserMixin.parseSubscript [as parseSubscripts] (node_modules/@babel/parser/src/parser/expression.ts:763:19)\n      at TypeScriptParserMixin.parseSubscripts [as parseExprSubscripts] (node_modules/@babel/parser/src/parser/expression.ts:748:17)\n      at TypeScriptParserMixin.parseExprSubscripts [as parseUpdate] (node_modules/@babel/parser/src/parser/expression.ts:721:21)\n      at TypeScriptParserMixin.parseUpdate (node_modules/@babel/parser/src/parser/expression.ts:683:23)\n      at TypeScriptParserMixin.parseMaybeUnary (node_modules/@babel/parser/src/plugins/typescript/index.ts:3893:20)\n      at TypeScriptParserMixin.parseMaybeUnary [as parseMaybeUnaryOrPrivate] (node_modules/@babel/parser/src/parser/expression.ts:417:14)\n      at TypeScriptParserMixin.parseMaybeUnaryOrPrivate [as parseExprOps] (node_modules/@babel/parser/src/parser/expression.ts:429:23)\n      at TypeScriptParserMixin.parseExprOps [as parseMaybeConditional] (node_modules/@babel/parser/src/parser/expression.ts:384:23)\n      at TypeScriptParserMixin.parseMaybeConditional (node_modules/@babel/parser/src/parser/expression.ts:301:21)\n      at TypeScriptParserMixin.parseMaybeAssign (node_modules/@babel/parser/src/plugins/typescript/index.ts:3764:22)\n      at TypeScriptParserMixin.parseMaybeAssign [as parseExpressionBase] (node_modules/@babel/parser/src/parser/expression.ts:226:23)\n","name":"C:\\Users\\jppad\\OneDrive\\Área de Trabalho\\imov\\prospecthome\\__tests__\\unit\\infrastructure\\supabase\\SupabaseSyncGateway.spec.ts","startTime":1776194513336,"status":"failed","summary":""},{"assertionResults":[],"coverage":{},"endTime":1776194513336,"message":"  ● Test suite failed to run\n\n    Jest encountered an unexpected token\n\n    Jest failed to parse a file. This happens e.g. when your code or its dependencies use non-standard JavaScript syntax, or when Jest is not configured to support such syntax.\n\n    Out of the box Jest supports Babel, which will be used to transform your files into valid JS based on your Babel configuration.\n\n    By default \"node_modules\" folder is ignored by transformers.\n\n    Here's what you can do:\n     • If you are trying to use ECMAScript Modules, see https://jestjs.io/docs/ecmascript-modules for how to enable it.\n     • If you are trying to use TypeScript, see https://jestjs.io/docs/getting-started#using-typescript\n     • To have some of your \"node_modules\" files transformed, you can specify a custom \"transformIgnorePatterns\" in your config.\n     • If you need a custom transformation specify a \"transform\" option in your config.\n     • If you simply want to mock your non-JS modules (e.g. binary assets) you can stub them out with the \"moduleNameMapper\" config option.\n\n    You'll find more details and examples of these config options in the docs:\n    https://jestjs.io/docs/configuration\n    For information about custom transformations, see:\n    https://jestjs.io/docs/code-transformation\n\n    Details:\n\n    SyntaxError: C:\\Users\\jppad\\OneDrive\\Área de Trabalho\\imov\\prospecthome\\__tests__\\unit\\application\\use-cases\\SyncProspectosUseCase.spec.ts: Unterminated regular expression. (69:5)\n\n    \u001b[0m \u001b[90m 67 |\u001b[39m     \u001b[36mawait\u001b[39m useCase\u001b[33m.\u001b[39mexecute()\u001b[33m;\u001b[39m\n     \u001b[90m 68 |\u001b[39m\n    \u001b[31m\u001b[1m>\u001b[22m\u001b[39m\u001b[90m 69 |\u001b[39m     \u001b[33m/\u001b[39m \u001b[35m1\u001b[39m falhou\n     \u001b[90m    |\u001b[39m      \u001b[31m\u001b[1m^\u001b[22m\u001b[39m\n     \u001b[90m 70 |\u001b[39m     expect(p1\u001b[33m.\u001b[39msyncStatus\u001b[33m.\u001b[39misError())\u001b[33m.\u001b[39mtoBe(\u001b[36mtrue\u001b[39m)\u001b[33m;\u001b[39m\n     \u001b[90m 71 |\u001b[39m     expect(p1\u001b[33m.\u001b[39misPending())\u001b[33m.\u001b[39mtoBe(\u001b[36mfalse\u001b[39m)\u001b[33m;\u001b[39m\n     \u001b[90m 72 |\u001b[39m\u001b[0m\n\n      at constructor (node_modules/@babel/parser/src/parse-error.ts:95:45)\n      at TypeScriptParserMixin.toParseError [as raise] (node_modules/@babel/parser/src/tokenizer/index.ts:1504:19)\n      at TypeScriptParserMixin.raise [as readRegexp] (node_modules/@babel/parser/src/tokenizer/index.ts:1089:20)\n      at TypeScriptParserMixin.readRegexp [as parseExprAtom] (node_modules/@babel/parser/src/parser/expression.ts:1147:14)\n      at TypeScriptParserMixin.parseExprAtom [as parseExprSubscripts] (node_modules/@babel/parser/src/parser/expression.ts:742:23)\n      at TypeScriptParserMixin.parseExprSubscripts [as parseUpdate] (node_modules/@babel/parser/src/parser/expression.ts:721:21)\n      at TypeScriptParserMixin.parseUpdate (node_modules/@babel/parser/src/parser/expression.ts:683:23)\n      at TypeScriptParserMixin.parseMaybeUnary (node_modules/@babel/parser/src/plugins/typescript/index.ts:3893:20)\n      at TypeScriptParserMixin.parseMaybeUnary [as parseMaybeUnaryOrPrivate] (node_modules/@babel/parser/src/parser/expression.ts:417:14)\n      at TypeScriptParserMixin.parseMaybeUnaryOrPrivate [as parseExprOps] (node_modules/@babel/parser/src/parser/expression.ts:429:23)\n      at TypeScriptParserMixin.parseExprOps [as parseMaybeConditional] (node_modules/@babel/parser/src/parser/expression.ts:384:23)\n      at TypeScriptParserMixin.parseMaybeConditional (node_modules/@babel/parser/src/parser/expression.ts:301:21)\n      at TypeScriptParserMixin.parseMaybeAssign (node_modules/@babel/parser/src/plugins/typescript/index.ts:3764:22)\n      at TypeScriptParserMixin.parseMaybeAssign [as parseExpressionBase] (node_modules/@babel/parser/src/parser/expression.ts:226:23)\n      at parseExpressionBase (node_modules/@babel/parser/src/parser/expression.ts:217:39)\n      at TypeScriptParserMixin.callback [as allowInAnd] (node_modules/@babel/parser/src/parser/expression.ts:3192:16)\n      at TypeScriptParserMixin.allowInAnd [as parseExpression] (node_modules/@babel/parser/src/parser/expression.ts:217:17)\n      at TypeScriptParserMixin.parseExpression (node_modules/@babel/parser/src/parser/statement.ts:688:23)\n      at TypeScriptParserMixin.parseStatementContent (node_modules/@babel/parser/src/plugins/typescript/index.ts:3220:20)\n      at TypeScriptParserMixin.parseStatementContent [as parseStatementLike] (node_modules/@babel/parser/src/parser/statement.ts:482:17)\n      at TypeScriptParserMixin.parseStatementLike [as parseStatementListItem] (node_modules/@babel/parser/src/parser/statement.ts:431:17)\n      at TypeScriptParserMixin.parseStatementListItem [as parseBlockOrModuleBlockBody] (node_modules/@babel/parser/src/parser/statement.ts:1444:16)\n      at TypeScriptParserMixin.parseBlockOrModuleBlockBody [as parseBlockBody] (node_modules/@babel/parser/src/parser/statement.ts:1417:10)\n      at TypeScriptParserMixin.parseBlockBody [as parseBlock] (node_modules/@babel/parser/src/parser/statement.ts:1385:10)\n      at TypeScriptParserMixin.parseBlock [as parseFunctionBody] (node_modules/@babel/parser/src/parser/expression.ts:2621:24)\n      at TypeScriptParserMixin.parseFunctionBody [as parseArrowExpression] (node_modules/@babel/parser/src/parser/expression.ts:2562:10)\n      at TypeScriptParserMixin.parseArrowExpression (node_modules/@babel/parser/src/parser/expression.ts:1067:10)\n      at TypeScriptParserMixin.parseAsyncArrowFromCallExpression (node_modules/@babel/parser/src/plugins/typescript/index.ts:3724:20)\n      at TypeScriptParserMixin.parseAsyncArrowFromCallExpression [as parseCoverCallAndAsyncArrowHead] (node_modules/@babel/parser/src/parser/expression.ts:942:27)\n      at TypeScriptParserMixin.parseCoverCallAndAsyncArrowHead (node_modules/@babel/parser/src/parser/expression.ts:804:19)\n      at TypeScriptParserMixin.parseSubscript (node_modules/@babel/parser/src/plugins/typescript/index.ts:2809:20)\n      at TypeScriptParserMixin.parseSubscript [as parseSubscripts] (node_modules/@babel/parser/src/parser/expression.ts:763:19)\n      at TypeScriptParserMixin.parseSubscripts [as parseExprSubscripts] (node_modules/@babel/parser/src/parser/expression.ts:748:17)\n      at TypeScriptParserMixin.parseExprSubscripts [as parseUpdate] (node_modules/@babel/parser/src/parser/expression.ts:721:21)\n      at TypeScriptParserMixin.parseUpdate (node_modules/@babel/parser/src/parser/expression.ts:683:23)\n      at TypeScriptParserMixin.parseMaybeUnary (node_modules/@babel/parser/src/plugins/typescript/index.ts:3893:20)\n      at TypeScriptParserMixin.parseMaybeUnary [as parseMaybeUnaryOrPrivate] (node_modules/@babel/parser/src/parser/expression.ts:417:14)\n      at TypeScriptParserMixin.parseMaybeUnaryOrPrivate [as parseExprOps] (node_modules/@babel/parser/src/parser/expression.ts:429:23)\n      at TypeScriptParserMixin.parseExprOps [as parseMaybeConditional] (node_modules/@babel/parser/src/parser/expression.ts:384:23)\n      at TypeScriptParserMixin.parseMaybeConditional (node_modules/@babel/parser/src/parser/expression.ts:301:21)\n      at TypeScriptParserMixin.parseMaybeAssign (node_modules/@babel/parser/src/plugins/typescript/index.ts:3764:22)\n      at parseMaybeAssign (node_modules/@babel/parser/src/parser/expression.ts:257:12)\n      at TypeScriptParserMixin.callback [as allowInAnd] (node_modules/@babel/parser/src/parser/expression.ts:3197:12)\n      at TypeScriptParserMixin.allowInAnd [as parseMaybeAssignAllowIn] (node_modules/@babel/parser/src/parser/expression.ts:256:17)\n      at TypeScriptParserMixin.parseMaybeAssignAllowIn [as parseMaybeAssignAllowInOrVoidPattern] (node_modules/@babel/parser/src/parser/expression.ts:3311:17)\n      at TypeScriptParserMixin.parseMaybeAssignAllowInOrVoidPattern [as parseExprListItem] (node_modules/@babel/parser/src/parser/expression.ts:2793:18)\n      at TypeScriptParserMixin.parseExprListItem [as parseCallExpressionArguments] (node_modules/@babel/parser/src/parser/expression.ts:1042:14)\n      at TypeScriptParserMixin.parseCallExpressionArguments [as parseCoverCallAndAsyncArrowHead] (node_modules/@babel/parser/src/parser/expression.ts:922:29)\n      at TypeScriptParserMixin.parseCoverCallAndAsyncArrowHead (node_modules/@babel/parser/src/parser/expression.ts:804:19)\n      at TypeScriptParserMixin.parseSubscript (node_modules/@babel/parser/src/plugins/typescript/index.ts:2809:20)\n      at TypeScriptParserMixin.parseSubscript [as parseSubscripts] (node_modules/@babel/parser/src/parser/expression.ts:763:19)\n      at TypeScriptParserMixin.parseSubscripts [as parseExprSubscripts] (node_modules/@babel/parser/src/parser/expression.ts:748:17)\n      at TypeScriptParserMixin.parseExprSubscripts [as parseUpdate] (node_modules/@babel/parser/src/parser/expression.ts:721:21)\n      at TypeScriptParserMixin.parseUpdate (node_modules/@babel/parser/src/parser/expression.ts:683:23)\n      at TypeScriptParserMixin.parseMaybeUnary (node_modules/@babel/parser/src/plugins/typescript/index.ts:3893:20)\n      at TypeScriptParserMixin.parseMaybeUnary [as parseMaybeUnaryOrPrivate] (node_modules/@babel/parser/src/parser/expression.ts:417:14)\n      at TypeScriptParserMixin.parseMaybeUnaryOrPrivate [as parseExprOps] (node_modules/@babel/parser/src/parser/expression.ts:429:23)\n      at TypeScriptParserMixin.parseExprOps [as parseMaybeConditional] (node_modules/@babel/parser/src/parser/expression.ts:384:23)\n      at TypeScriptParserMixin.parseMaybeConditional (node_modules/@babel/parser/src/parser/expression.ts:301:21)\n      at TypeScriptParserMixin.parseMaybeAssign (node_modules/@babel/parser/src/plugins/typescript/index.ts:3764:22)\n      at TypeScriptParserMixin.parseMaybeAssign [as parseExpressionBase] (node_modules/@babel/parser/src/parser/expression.ts:226:23)\n      at parseExpressionBase (node_modules/@babel/parser/src/parser/expression.ts:217:39)\n      at TypeScriptParserMixin.callback [as allowInAnd] (node_modules/@babel/parser/src/parser/expression.ts:3192:16)\n      at TypeScriptParserMixin.allowInAnd [as parseExpression] (node_modules/@babel/parser/src/parser/expression.ts:217:17)\n      at TypeScriptParserMixin.parseExpression (node_modules/@babel/parser/src/parser/statement.ts:688:23)\n      at TypeScriptParserMixin.parseStatementContent (node_modules/@babel/parser/src/plugins/typescript/index.ts:3220:20)\n      at TypeScriptParserMixin.parseStatementContent [as parseStatementLike] (node_modules/@babel/parser/src/parser/statement.ts:482:17)\n      at TypeScriptParserMixin.parseStatementLike [as parseStatementListItem] (node_modules/@babel/parser/src/parser/statement.ts:431:17)\n      at TypeScriptParserMixin.parseStatementListItem [as parseBlockOrModuleBlockBody] (node_modules/@babel/parser/src/parser/statement.ts:1444:16)\n      at TypeScriptParserMixin.parseBlockOrModuleBlockBody [as parseBlockBody] (node_modules/@babel/parser/src/parser/statement.ts:1417:10)\n      at TypeScriptParserMixin.parseBlockBody [as parseBlock] (node_modules/@babel/parser/src/parser/statement.ts:1385:10)\n      at TypeScriptParserMixin.parseBlock [as parseFunctionBody] (node_modules/@babel/parser/src/parser/expression.ts:2621:24)\n      at TypeScriptParserMixin.parseFunctionBody [as parseArrowExpression] (node_modules/@babel/parser/src/parser/expression.ts:2562:10)\n      at TypeScriptParserMixin.parseArrowExpression [as parseParenAndDistinguishExpression] (node_modules/@babel/parser/src/parser/expression.ts:1850:12)\n      at TypeScriptParserMixin.parseParenAndDistinguishExpression [as parseExprAtom] (node_modules/@babel/parser/src/parser/expression.ts:1170:21)\n      at TypeScriptParserMixin.parseExprAtom [as parseExprSubscripts] (node_modules/@babel/parser/src/parser/expression.ts:742:23)\n      at TypeScriptParserMixin.parseExprSubscripts [as parseUpdate] (node_modules/@babel/parser/src/parser/expression.ts:721:21)\n      at TypeScriptParserMixin.parseUpdate (node_modules/@babel/parser/src/parser/expression.ts:683:23)\n      at TypeScriptParserMixin.parseMaybeUnary (node_modules/@babel/parser/src/plugins/typescript/index.ts:3893:20)\n      at TypeScriptParserMixin.parseMaybeUnary [as parseMaybeUnaryOrPrivate] (node_modules/@babel/parser/src/parser/expression.ts:417:14)\n      at TypeScriptParserMixin.parseMaybeUnaryOrPrivate [as parseExprOps] (node_modules/@babel/parser/src/parser/expression.ts:429:23)\n      at TypeScriptParserMixin.parseExprOps [as parseMaybeConditional] (node_modules/@babel/parser/src/parser/expression.ts:384:23)\n      at TypeScriptParserMixin.parseMaybeConditional (node_modules/@babel/parser/src/parser/expression.ts:301:21)\n      at TypeScriptParserMixin.parseMaybeAssign (node_modules/@babel/parser/src/plugins/typescript/index.ts:3764:22)\n      at parseMaybeAssign (node_modules/@babel/parser/src/parser/expression.ts:257:12)\n      at TypeScriptParserMixin.callback [as allowInAnd] (node_modules/@babel/parser/src/parser/expression.ts:3197:12)\n      at TypeScriptParserMixin.allowInAnd [as parseMaybeAssignAllowIn] (node_modules/@babel/parser/src/parser/expression.ts:256:17)\n      at TypeScriptParserMixin.parseMaybeAssignAllowIn [as parseMaybeAssignAllowInOrVoidPattern] (node_modules/@babel/parser/src/parser/expression.ts:3311:17)\n      at TypeScriptParserMixin.parseMaybeAssignAllowInOrVoidPattern [as parseExprListItem] (node_modules/@babel/parser/src/parser/expression.ts:2793:18)\n      at TypeScriptParserMixin.parseExprListItem [as parseCallExpressionArguments] (node_modules/@babel/parser/src/parser/expression.ts:1042:14)\n      at TypeScriptParserMixin.parseCallExpressionArguments [as parseCoverCallAndAsyncArrowHead] (node_modules/@babel/parser/src/parser/expression.ts:922:29)\n      at TypeScriptParserMixin.parseCoverCallAndAsyncArrowHead (node_modules/@babel/parser/src/parser/expression.ts:804:19)\n      at TypeScriptParserMixin.parseSubscript (node_modules/@babel/parser/src/plugins/typescript/index.ts:2809:20)\n      at TypeScriptParserMixin.parseSubscript [as parseSubscripts] (node_modules/@babel/parser/src/parser/expression.ts:763:19)\n      at TypeScriptParserMixin.parseSubscripts [as parseExprSubscripts] (node_modules/@babel/parser/src/parser/expression.ts:748:17)\n      at TypeScriptParserMixin.parseExprSubscripts [as parseUpdate] (node_modules/@babel/parser/src/parser/expression.ts:721:21)\n      at TypeScriptParserMixin.parseUpdate (node_modules/@babel/parser/src/parser/expression.ts:683:23)\n      at TypeScriptParserMixin.parseMaybeUnary (node_modules/@babel/parser/src/plugins/typescript/index.ts:3893:20)\n      at TypeScriptParserMixin.parseMaybeUnary [as parseMaybeUnaryOrPrivate] (node_modules/@babel/parser/src/parser/expression.ts:417:14)\n      at TypeScriptParserMixin.parseMaybeUnaryOrPrivate [as parseExprOps] (node_modules/@babel/parser/src/parser/expression.ts:429:23)\n","name":"C:\\Users\\jppad\\OneDrive\\Área de Trabalho\\imov\\prospecthome\\__tests__\\unit\\application\\use-cases\\SyncProspectosUseCase.spec.ts","startTime":1776194513336,"status":"failed","summary":""},{"assertionResults":[],"coverage":{},"endTime":1776194513336,"message":"  ● Test suite failed to run\n\n    Jest encountered an unexpected token\n\n    Jest failed to parse a file. This happens e.g. when your code or its dependencies use non-standard JavaScript syntax, or when Jest is not configured to support such syntax.\n\n    Out of the box Jest supports Babel, which will be used to transform your files into valid JS based on your Babel configuration.\n\n    By default \"node_modules\" folder is 
[...]
s/@babel/parser/src/parser/expression.ts:217:39)\n      at TypeScriptParserMixin.callback [as allowInAnd] (node_modules/@babel/parser/src/parser/expression.ts:3192:16)\n      at TypeScriptParserMixin.allowInAnd [as parseExpression] (node_modules/@babel/parser/src/parser/expression.ts:217:17)\n      at TypeScriptParserMixin.parseExpression (node_modules/@babel/parser/src/parser/statement.ts:688:23)\n      at TypeScriptParserMixin.parseStatementContent (node_modules/@babel/parser/src/plugins/typescript/index.ts:3220:20)\n      at TypeScriptParserMixin.parseStatementContent [as parseStatementLike] (node_modules/@babel/parser/src/parser/statement.ts:482:17)\n      at TypeScriptParserMixin.parseStatementLike [as parseModuleItem] (node_modules/@babel/parser/src/parser/statement.ts:419:17)\n      at TypeScriptParserMixin.parseModuleItem [as parseBlockOrModuleBlockBody] (node_modules/@babel/parser/src/parser/statement.ts:1443:16)\n      at TypeScriptParserMixin.parseBlockOrModuleBlockBody [as parseBlockBody] (node_modules/@babel/parser/src/parser/statement.ts:1417:10)\n      at TypeScriptParserMixin.parseBlockBody [as parseProgram] (node_modules/@babel/parser/src/parser/statement.ts:229:10)\n      at TypeScriptParserMixin.parseProgram [as parseTopLevel] (node_modules/@babel/parser/src/parser/statement.ts:203:25)\n      at TypeScriptParserMixin.parseTopLevel (node_modules/@babel/parser/src/parser/index.ts:83:25)\n      at TypeScriptParserMixin.parse (node_modules/@babel/parser/src/plugins/typescript/index.ts:4354:20)\n      at parse (node_modules/@babel/parser/src/index.ts:86:38)\n      at parser (node_modules/@babel/core/src/parser/index.ts:29:19)\n          at parser.next (<anonymous>)\n      at normalizeFile (node_modules/@babel/core/src/transformation/normalize-file.ts:50:24)\n          at normalizeFile.next (<anonymous>)\n      at run (node_modules/@babel/core/src/transformation/index.ts:41:36)\n          at run.next (<anonymous>)\n      at transform (node_modules/@babel/core/src/transform.ts:29:20)\n          at transform.next (<anonymous>)\n      at evaluateSync (node_modules/gensync/index.js:251:28)\n      at sync (node_modules/gensync/index.js:89:14)\n      at fn (node_modules/@babel/core/src/errors/rewrite-stack-trace.ts:99:14)\n      at transformSync (node_modules/@babel/core/src/transform.ts:66:52)\n      at ScriptTransformer.transformSource (node_modules/@jest/transform/build/ScriptTransformer.js:545:31)\n      at ScriptTransformer._transformAndBuildScript (node_modules/@jest/transform/build/ScriptTransformer.js:674:40)\n      at ScriptTransformer.transform (node_modules/@jest/transform/build/ScriptTransformer.js:726:19)\n","name":"C:\\Users\\jppad\\OneDrive\\Área de Trabalho\\imov\\prospecthome\\__tests__\\unit\\app\\map.spec.tsx","startTime":1776194513336,"status":"failed","summary":""},{"assertionResults":[],"coverage":{},"endTime":1776194513336,"message":"  ● Test suite failed to run\n\n    Jest encountered an unexpected token\n\n    Jest failed to parse a file. This happens e.g. when your code or its dependencies use non-standard JavaScript syntax, or when Jest is not configured to support such syntax.\n\n    Out of the box Jest supports Babel, which will be used to transform your files into valid JS based on your Babel configuration.\n\n    By default \"node_modules\" folder is ignored by transformers.\n\n    Here's what you can do:\n     • If you are trying to use ECMAScript Modules, see https://jestjs.io/docs/ecmascript-modules for how to enable it.\n     • If you are trying to use TypeScript, see https://jestjs.io/docs/getting-started#using-typescript\n     • To have some of your \"node_modules\" files transformed, you can specify a custom \"transformIgnorePatterns\" in your config.\n     • If you need a custom transformation specify a \"transform\" option in your config.\n     • If you simply want to mock your non-JS modules (e.g. binary assets) you can stub them out with the \"moduleNameMapper\" config option.\n\n    You'll find more details and examples of these config options in the docs:\n    https://jestjs.io/docs/configuration\n    For information about custom transformations, see:\n    https://jestjs.io/docs/code-transformation\n\n    Details:\n\n    SyntaxError: C:\\Users\\jppad\\OneDrive\\Área de Trabalho\\imov\\prospecthome\\__tests__\\unit\\app\\login.spec.tsx: Unterminated regular expression. (6:1)\n\n    \u001b[0m \u001b[90m 4 |\u001b[39m \u001b[36mimport\u001b[39m { useAuth } \u001b[36mfrom\u001b[39m \u001b[32m'../../../hooks/useAuth'\u001b[39m\u001b[33m;\u001b[39m\n     \u001b[90m 5 |\u001b[39m\n    \u001b[31m\u001b[1m>\u001b[22m\u001b[39m\u001b[90m 6 |\u001b[39m \u001b[33m/\u001b[39m \u001b[33mMock\u001b[39m useAuth hook\n     \u001b[90m   |\u001b[39m  \u001b[31m\u001b[1m^\u001b[22m\u001b[39m\n     \u001b[90m 7 |\u001b[39m jest\u001b[33m.\u001b[39mmock(\u001b[32m'../../../hooks/useAuth'\u001b[39m\u001b[33m,\u001b[39m () \u001b[33m=>\u001b[39m ({\n     \u001b[90m 8 |\u001b[39m   useAuth\u001b[33m:\u001b[39m jest\u001b[33m.\u001b[39mfn()\n     \u001b[90m 9 |\u001b[39m }))\u001b[33m;\u001b[39m\u001b[0m\n\n      at constructor (node_modules/@babel/parser/src/parse-error.ts:95:45)\n      at TypeScriptParserMixin.toParseError [as raise] (node_modules/@babel/parser/src/tokenizer/index.ts:1504:19)\n      at TypeScriptParserMixin.raise [as readRegexp] (node_modules/@babel/parser/src/tokenizer/index.ts:1089:20)\n      at TypeScriptParserMixin.readRegexp (node_modules/@babel/parser/src/parser/expression.ts:1147:14)\n      at TypeScriptParserMixin.parseExprAtom (node_modules/@babel/parser/src/plugins/jsx/index.ts:583:22)\n      at TypeScriptParserMixin.parseExprAtom [as parseExprSubscripts] (node_modules/@babel/parser/src/parser/expression.ts:742:23)\n      at TypeScriptParserMixin.parseExprSubscripts [as parseUpdate] (node_modules/@babel/parser/src/parser/expression.ts:721:21)\n      at TypeScriptParserMixin.parseUpdate (node_modules/@babel/parser/src/parser/expression.ts:683:23)\n      at TypeScriptParserMixin.parseMaybeUnary (node_modules/@babel/parser/src/plugins/typescript/index.ts:3893:20)\n      at TypeScriptParserMixin.parseMaybeUnary [as parseMaybeUnaryOrPrivate] (node_modules/@babel/parser/src/parser/expression.ts:417:14)\n      at TypeScriptParserMixin.parseMaybeUnaryOrPrivate [as parseExprOps] (node_modules/@babel/parser/src/parser/expression.ts:429:23)\n      at TypeScriptParserMixin.parseExprOps [as parseMaybeConditional] (node_modules/@babel/parser/src/parser/expression.ts:384:23)\n      at TypeScriptParserMixin.parseMaybeConditional (node_modules/@babel/parser/src/parser/expression.ts:301:21)\n      at TypeScriptParserMixin.parseMaybeAssign (node_modules/@babel/parser/src/plugins/typescript/index.ts:3764:22)\n      at TypeScriptParserMixin.parseMaybeAssign [as parseExpressionBase] (node_modules/@babel/parser/src/parser/expression.ts:226:23)\n      at parseExpressionBase (node_modules/@babel/parser/src/parser/expression.ts:217:39)\n      at TypeScriptParserMixin.callback [as allowInAnd] (node_modules/@babel/parser/src/parser/expression.ts:3192:16)\n      at TypeScriptParserMixin.allowInAnd [as parseExpression] (node_modules/@babel/parser/src/parser/expression.ts:217:17)\n      at TypeScriptParserMixin.parseExpression (node_modules/@babel/parser/src/parser/statement.ts:688:23)\n      at TypeScriptParserMixin.parseStatementContent (node_modules/@babel/parser/src/plugins/typescript/index.ts:3220:20)\n      at TypeScriptParserMixin.parseStatementContent [as parseStatementLike] (node_modules/@babel/parser/src/parser/statement.ts:482:17)\n      at TypeScriptParserMixin.parseStatementLike [as parseModuleItem] (node_modules/@babel/parser/src/parser/statement.ts:419:17)\n      at TypeScriptParserMixin.parseModuleItem [as parseBlockOrModuleBlockBody] (node_modules/@babel/parser/src/parser/statement.ts:1443:16)\n      at TypeScriptParserMixin.parseBlockOrModuleBlockBody [as parseBlockBody] (node_modules/@babel/parser/src/parser/statement.ts:1417:10)\n      at TypeScriptParserMixin.parseBlockBody [as parseProgram] (node_modules/@babel/parser/src/parser/statement.ts:229:10)\n      at TypeScriptParserMixin.parseProgram [as parseTopLevel] (node_modules/@babel/parser/src/parser/statement.ts:203:25)\n      at TypeScriptParserMixin.parseTopLevel (node_modules/@babel/parser/src/parser/index.ts:83:25)\n      at TypeScriptParserMixin.parse (node_modules/@babel/parser/src/plugins/typescript/index.ts:4354:20)\n      at parse (node_modules/@babel/parser/src/index.ts:86:38)\n      at parser (node_modules/@babel/core/src/parser/index.ts:29:19)\n          at parser.next (<anonymous>)\n      at normalizeFile (node_modules/@babel/core/src/transformation/normalize-file.ts:50:24)\n          at normalizeFile.next (<anonymous>)\n      at run (node_modules/@babel/core/src/transformation/index.ts:41:36)\n          at run.next (<anonymous>)\n      at transform (node_modules/@babel/core/src/transform.ts:29:20)\n          at transform.next (<anonymous>)\n      at evaluateSync (node_modules/gensync/index.js:251:28)\n      at sync (node_modules/gensync/index.js:89:14)\n      at fn (node_modules/@babel/core/src/errors/rewrite-stack-trace.ts:99:14)\n      at transformSync (node_modules/@babel/core/src/transform.ts:66:52)\n      at ScriptTransformer.transformSource (node_modules/@jest/transform/build/ScriptTransformer.js:545:31)\n      at ScriptTransformer._transformAndBuildScript (node_modules/@jest/transform/build/ScriptTransformer.js:674:40)\n      at ScriptTransformer.transform (node_modules/@jest/transform/build/ScriptTransformer.js:726:19)\n","name":"C:\\Users\\jppad\\OneDrive\\Área de Trabalho\\imov\\prospecthome\\__tests__\\unit\\app\\login.spec.tsx","startTime":1776194513336,"status":"failed","summary":""},{"assertionResults":[],"coverage":{},"endTime":1776194513336,"message":"  ● Test suite failed to run\n\n    Jest encountered an unexpected token\n\n    Jest failed to parse a file. This happens e.g. when your code or its dependencies use non-standard JavaScript syntax, or when Jest is not configured to support such syntax.\n\n    Out of the box Jest supports Babel, which will be used to transform your files into valid JS based on your Babel configuration.\n\n    By default \"node_modules\" folder is ignored by transformers.\n\n    Here's what you can do:\n     • If you are trying to use ECMAScript Modules, see https://jestjs.io/docs/ecmascript-modules for how to enable it.\n     • If you are trying to use TypeScript, see https://jestjs.io/docs/getting-started#using-typescript\n     • To have some of your \"node_modules\" files transformed, you can specify a custom \"transformIgnorePatterns\" in your config.\n     • If you need a custom transformation specify a \"transform\" option in your config.\n     • If you simply want to mock your non-JS modules (e.g. binary assets) you can stub them out with the \"moduleNameMapper\" config option.\n\n    You'll find more details and examples of these config options in the docs:\n    https://jestjs.io/docs/configuration\n    For information about custom transformations, see:\n    https://jestjs.io/docs/code-transformation\n\n    Details:\n\n    SyntaxError: C:\\Users\\jppad\\OneDrive\\Área de Trabalho\\imov\\prospecthome\\__tests__\\unit\\hooks\\useAuth.spec.tsx: Unterminated regular expression. (6:1)\n\n    \u001b[0m \u001b[90m 4 |\u001b[39m \u001b[36mimport\u001b[39m { \u001b[33mCorretor\u001b[39m } \u001b[36mfrom\u001b[39m \u001b[32m\"../../../src/domain/entities/Corretor\"\u001b[39m\u001b[33m;\u001b[39m\n     \u001b[90m 5 |\u001b[39m\n    \u001b[31m\u001b[1m>\u001b[22m\u001b[39m\u001b[90m 6 |\u001b[39m \u001b[33m/\u001b[39m \u001b[33mMock\u001b[39m container dependencias\n     \u001b[90m   |\u001b[39m  \u001b[31m\u001b[1m^\u001b[22m\u001b[39m\n     \u001b[90m 7 |\u001b[39m jest\u001b[33m.\u001b[39mmock(\u001b[32m'../../../src/di/container'\u001b[39m\u001b[33m,\u001b[39m () \u001b[33m=>\u001b[39m ({\n     \u001b[90m 8 |\u001b[39m   __esModule\u001b[33m:\u001b[39m \u001b[36mtrue\u001b[39m\u001b[33m,\u001b[39m\n     \u001b[90m 9 |\u001b[39m   container\u001b[33m:\u001b[39m {\u001b[0m\n\n      at constructor (node_modules/@babel/parser/src/parse-error.ts:95:45)\n      at TypeScriptParserMixin.toParseError [as raise] (node_modules/@babel/parser/src/tokenizer/index.ts:1504:19)\n      at TypeScriptParserMixin.raise [as readRegexp] (node_modules/@babel/parser/src/tokenizer/index.ts:1089:20)\n      at TypeScriptParserMixin.readRegexp (node_modules/@babel/parser/src/parser/expression.ts:1147:14)\n      at TypeScriptParserMixin.parseExprAtom (node_modules/@babel/parser/src/plugins/jsx/index.ts:583:22)\n      at TypeScriptParserMixin.parseExprAtom [as parseExprSubscripts] (node_modules/@babel/parser/src/parser/expression.ts:742:23)\n      at TypeScriptParserMixin.parseExprSubscripts [as parseUpdate] (node_modules/@babel/parser/src/parser/expression.ts:721:21)\n      at TypeScriptParserMixin.parseUpdate (node_modules/@babel/parser/src/parser/expression.ts:683:23)\n      at TypeScriptParserMixin.parseMaybeUnary (node_modules/@babel/parser/src/plugins/typescript/index.ts:3893:20)\n      at TypeScriptParserMixin.parseMaybeUnary [as parseMaybeUnaryOrPrivate] (node_modules/@babel/parser/src/parser/expression.ts:417:14)\n      at TypeScriptParserMixin.parseMaybeUnaryOrPrivate [as parseExprOps] (node_modules/@babel/parser/src/parser/expression.ts:429:23)\n      at TypeScriptParserMixin.parseExprOps [as parseMaybeConditional] (node_modules/@babel/parser/src/parser/expression.ts:384:23)\n      at TypeScriptParserMixin.parseMaybeConditional (node_modules/@babel/parser/src/parser/expression.ts:301:21)\n      at TypeScriptParserMixin.parseMaybeAssign (node_modules/@babel/parser/src/plugins/typescript/index.ts:3764:22)\n      at TypeScriptParserMixin.parseMaybeAssign [as parseExpressionBase] (node_modules/@babel/parser/src/parser/expression.ts:226:23)\n      at parseExpressionBase (node_modules/@babel/parser/src/parser/expression.ts:217:39)\n      at TypeScriptParserMixin.callback [as allowInAnd] (node_modules/@babel/parser/src/parser/expression.ts:3192:16)\n      at TypeScriptParserMixin.allowInAnd [as parseExpression] (node_modules/@babel/parser/src/parser/expression.ts:217:17)\n      at TypeScriptParserMixin.parseExpression (node_modules/@babel/parser/src/parser/statement.ts:688:23)\n      at TypeScriptParserMixin.parseStatementContent (node_modules/@babel/parser/src/plugins/typescript/index.ts:3220:20)\n      at TypeScriptParserMixin.parseStatementContent [as parseStatementLike] (node_modules/@babel/parser/src/parser/statement.ts:482:17)\n      at TypeScriptParserMixin.parseStatementLike [as parseModuleItem] (node_modules/@babel/parser/src/parser/statement.ts:419:17)\n      at TypeScriptParserMixin.parseModuleItem [as parseBlockOrModuleBlockBody] (node_modules/@babel/parser/src/parser/statement.ts:1443:16)\n      at TypeScriptParserMixin.parseBlockOrModuleBlockBody [as parseBlockBody] (node_modules/@babel/parser/src/parser/statement.ts:1417:10)\n      at TypeScriptParserMixin.parseBlockBody [as parseProgram] (node_modules/@babel/parser/src/parser/statement.ts:229:10)\n      at TypeScriptParserMixin.parseProgram [as parseTopLevel] (node_modules/@babel/parser/src/parser/statement.ts:203:25)\n      at TypeScriptParserMixin.parseTopLevel (node_modules/@babel/parser/src/parser/index.ts:83:25)\n      at TypeScriptParserMixin.parse (node_modules/@babel/parser/src/plugins/typescript/index.ts:4354:20)\n      at parse (node_modules/@babel/parser/src/index.ts:86:38)\n      at parser (node_modules/@babel/core/src/parser/index.ts:29:19)\n          at parser.next (<anonymous>)\n      at normalizeFile (node_modules/@babel/core/src/transformation/normalize-file.ts:50:24)\n          at normalizeFile.next (<anonymous>)\n      at run (node_modules/@babel/core/src/transformation/index.ts:41:36)\n          at run.next (<anonymous>)\n      at transform (node_modules/@babel/core/src/transform.ts:29:20)\n          at transform.next (<anonymous>)\n      at evaluateSync (node_modules/gensync/index.js:251:28)\n      at sync (node_modules/gensync/index.js:89:14)\n      at fn (node_modules/@babel/core/src/errors/rewrite-stack-trace.ts:99:14)\n      at transformSync (node_modules/@babel/core/src/transform.ts:66:52)\n      at ScriptTransformer.transformSource (node_modules/@jest/transform/build/ScriptTransformer.js:545:31)\n      at ScriptTransformer._transformAndBuildScript (node_modules/@jest/transform/build/ScriptTransformer.js:674:40)\n      at ScriptTransformer.transform (node_modules/@jest/transform/build/ScriptTransformer.js:726:19)\n","name":"C:\\Users\\jppad\\OneDrive\\Área de Trabalho\\imov\\prospecthome\\__tests__\\unit\\hooks\\useAuth.spec.tsx","startTime":1776194513336,"status":"failed","summary":""},{"assertionResults":[{"ancestorTitles":["SQLiteProspectoRepository"],"duration":11,"failureDetails":[],"failureMessages":[],"fullName":"SQLiteProspectoRepository deve salvar(upsert) prospecto corretamente","invocations":1,"location":null,"numPassingAsserts":4,"retryReasons":[],"status":"passed","title":"deve salvar(upsert) prospecto corretamente"},{"ancestorTitles":["SQLiteProspectoRepository"],"duration":1,"failureDetails":[],"failureMessages":[],"fullName":"SQLiteProspectoRepository deve carregar a model se achar na base (findById)","invocations":1,"location":null,"numPassingAsserts":3,"retryReasons":[],"status":"passed","title":"deve carregar a model se achar na base (findById)"},{"ancestorTitles":["SQLiteProspectoRepository"],"duration":1,"failureDetails":[],"failureMessages":[],"fullName":"SQLiteProspectoRepository deve retornar null do findById se nao encontrado","invocations":1,"location":null,"numPassingAsserts":1,"retryReasons":[],"status":"passed","title":"deve retornar null do findById se nao encontrado"},{"ancestorTitles":["SQLiteProspectoRepository"],"duration":1,"failureDetails":[],"failureMessages":[],"fullName":"SQLiteProspectoRepository deve carregar array em findAll","invocations":1,"location":null,"numPassingAsserts":2,"retryReasons":[],"status":"passed","title":"deve carregar array em findAll"},{"ancestorTitles":["SQLiteProspectoRepository"],"duration":1,"failureDetails":[],"failureMessages":[],"fullName":"SQLiteProspectoRepository deve consultar filtrando por pending no findPending","invocations":1,"location":null,"numPassingAsserts":1,"retryReasons":[],"status":"passed","title":"deve consultar filtrando por pending no findPending"},{"ancestorTitles":["SQLiteProspectoRepository"],"duration":1,"failureDetails":[],"failureMessages":[],"fullName":"SQLiteProspectoRepository deve excluir o prospecto","invocations":1,"location":null,"numPassingAsserts":1,"retryReasons":[],"status":"passed","title":"deve excluir o prospecto"}],"endTime":1776194512825,"message":"","name":"C:\\Users\\jppad\\OneDrive\\Área de Trabalho\\imov\\prospecthome\\__tests__\\unit\\infrastructure\\database\\SQLiteProspectoRepository.spec.ts","startTime":1776194510230,"status":"passed","summary":""},{"assertionResults":[{"ancestorTitles":["DI Container"],"duration":7,"failureDetails":[],"failureMessages":[],"fullName":"DI Container deve instanciar e retornar as dependencias (singleton)","invocations":1,"location":null,"numPassingAsserts":2,"retryReasons":[],"status":"passed","title":"deve instanciar e retornar as dependencias (singleton)"},{"ancestorTitles":["DI Container"],"duration":0,"failureDetails":[],"failureMessages":[],"fullName":"DI Container deve retornar exatamente a mesma instancia para module loaders (singleton)","invocations":1,"location":null,"numPassingAsserts":1,"retryReasons":[],"status":"passed","title":"deve retornar exatamente a mesma instancia para module loaders (singleton)"}],"endTime":1776194512906,"message":"","name":"C:\\Users\\jppad\\OneDrive\\Área de Trabalho\\imov\\prospecthome\\__tests__\\unit\\di\\container.spec.ts","startTime":1776194510175,"status":"passed","summary":""}],"wasInterrupted":false}
